2021-10-18 10:07:11.440 | DEBUG    | project.RelayAttacks.relayattacks:do_smb_relay:69 - Starting smb relay attack using ip: 192.168.253.135 ipv6:fe80::20c:29ff:fe89:df69
            interface: ens33 mac_address:00:0c:29:89:df:69 lport:445
2021-10-18 10:07:11.441 | INFO     | project.igris:check_settable_variables_value:198 - Checking the correct value of the necessary settable variables 
2021-10-18 10:08:14.126 | DEBUG    | project.RelayAttacks.relayattacks:do_smb_relay:69 - Starting smb relay attack using ip: 192.168.253.135 ipv6:fe80::20c:29ff:fe89:df69
            interface: ens33 mac_address:00:0c:29:89:df:69 lport:445
2021-10-18 10:08:14.128 | INFO     | project.igris:check_settable_variables_value:198 - Checking the correct value of the necessary settable variables 
2021-10-18 10:08:14.210 | INFO     | impacket.examples.ntlmrelayx.clients:<module>:121 - Protocol Client SMTP loaded..
2021-10-18 10:08:14.226 | INFO     | impacket.examples.ntlmrelayx.clients:<module>:121 - Protocol Client SMB loaded..
2021-10-18 10:08:14.276 | INFO     | impacket.examples.ntlmrelayx.clients:<module>:121 - Protocol Client DCSYNC loaded..
2021-10-18 10:08:14.278 | INFO     | impacket.examples.ntlmrelayx.clients:<module>:121 - Protocol Client IMAP loaded..
2021-10-18 10:08:14.278 | INFO     | impacket.examples.ntlmrelayx.clients:<module>:121 - Protocol Client IMAPS loaded..
2021-10-18 10:08:14.282 | INFO     | impacket.examples.ntlmrelayx.clients:<module>:121 - Protocol Client MSSQL loaded..
2021-10-18 10:08:14.314 | INFO     | impacket.examples.ntlmrelayx.clients:<module>:121 - Protocol Client LDAPS loaded..
2021-10-18 10:08:14.314 | INFO     | impacket.examples.ntlmrelayx.clients:<module>:121 - Protocol Client LDAP loaded..
2021-10-18 10:08:14.315 | INFO     | impacket.examples.ntlmrelayx.clients:<module>:121 - Protocol Client HTTP loaded..
2021-10-18 10:08:14.315 | INFO     | impacket.examples.ntlmrelayx.clients:<module>:121 - Protocol Client HTTPS loaded..
2021-10-18 10:08:14.316 | INFO     | impacket.examples.ntlmrelayx.clients:<module>:121 - Protocol Client RPC loaded..
2021-10-18 10:08:14.317 | DEBUG    | impacket.examples.ntlmrelayx.attacks:<module>:75 - Protocol Attack IMAP loaded..
2021-10-18 10:08:14.317 | DEBUG    | impacket.examples.ntlmrelayx.attacks:<module>:75 - Protocol Attack IMAPS loaded..
2021-10-18 10:08:14.318 | DEBUG    | impacket.examples.ntlmrelayx.attacks:<module>:75 - Protocol Attack DCSYNC loaded..
2021-10-18 10:08:14.386 | DEBUG    | impacket.examples.ntlmrelayx.attacks:<module>:75 - Protocol Attack SMB loaded..
2021-10-18 10:08:14.386 | DEBUG    | impacket.examples.ntlmrelayx.attacks:<module>:75 - Protocol Attack RPC loaded..
2021-10-18 10:08:14.387 | DEBUG    | impacket.examples.ntlmrelayx.attacks:<module>:75 - Protocol Attack HTTP loaded..
2021-10-18 10:08:14.387 | DEBUG    | impacket.examples.ntlmrelayx.attacks:<module>:75 - Protocol Attack HTTPS loaded..
2021-10-18 10:08:14.387 | DEBUG    | impacket.examples.ntlmrelayx.attacks:<module>:75 - Protocol Attack MSSQL loaded..
2021-10-18 10:08:14.402 | DEBUG    | impacket.examples.ntlmrelayx.attacks:<module>:75 - Protocol Attack LDAP loaded..
2021-10-18 10:08:14.402 | DEBUG    | impacket.examples.ntlmrelayx.attacks:<module>:75 - Protocol Attack LDAPS loaded..
2021-10-18 10:08:14.403 | INFO     | impacket.examples.ntlmrelayx.servers.smbrelayserver:run:838 - Setting up SMB Server
2021-10-18 10:13:58.442 | DEBUG    | project.RelayAttacks.relayattacks:do_smb_relay:69 - Starting smb relay attack using ip: 192.168.253.135 ipv6:fe80::20c:29ff:fe89:df69
            interface: ens33 mac_address:00:0c:29:89:df:69 lport:445
2021-10-18 10:13:58.444 | INFO     | project.igris:check_settable_variables_value:198 - Checking the correct value of the necessary settable variables 
2021-10-18 10:13:58.563 | INFO     | impacket.examples.ntlmrelayx.clients:<module>:121 - Protocol Client SMTP loaded..
2021-10-18 10:13:58.595 | INFO     | impacket.examples.ntlmrelayx.clients:<module>:121 - Protocol Client SMB loaded..
2021-10-18 10:13:58.665 | INFO     | impacket.examples.ntlmrelayx.clients:<module>:121 - Protocol Client DCSYNC loaded..
2021-10-18 10:13:58.669 | INFO     | impacket.examples.ntlmrelayx.clients:<module>:121 - Protocol Client IMAPS loaded..
2021-10-18 10:13:58.670 | INFO     | impacket.examples.ntlmrelayx.clients:<module>:121 - Protocol Client IMAP loaded..
2021-10-18 10:13:58.681 | INFO     | impacket.examples.ntlmrelayx.clients:<module>:121 - Protocol Client MSSQL loaded..
2021-10-18 10:13:58.733 | INFO     | impacket.examples.ntlmrelayx.clients:<module>:121 - Protocol Client LDAP loaded..
2021-10-18 10:13:58.734 | INFO     | impacket.examples.ntlmrelayx.clients:<module>:121 - Protocol Client LDAPS loaded..
2021-10-18 10:13:58.736 | INFO     | impacket.examples.ntlmrelayx.clients:<module>:121 - Protocol Client HTTPS loaded..
2021-10-18 10:13:58.737 | INFO     | impacket.examples.ntlmrelayx.clients:<module>:121 - Protocol Client HTTP loaded..
2021-10-18 10:13:58.739 | INFO     | impacket.examples.ntlmrelayx.clients:<module>:121 - Protocol Client RPC loaded..
2021-10-18 10:13:58.740 | DEBUG    | impacket.examples.ntlmrelayx.attacks:<module>:75 - Protocol Attack IMAP loaded..
2021-10-18 10:13:58.741 | DEBUG    | impacket.examples.ntlmrelayx.attacks:<module>:75 - Protocol Attack IMAPS loaded..
2021-10-18 10:13:58.741 | DEBUG    | impacket.examples.ntlmrelayx.attacks:<module>:75 - Protocol Attack DCSYNC loaded..
2021-10-18 10:13:58.899 | DEBUG    | impacket.examples.ntlmrelayx.attacks:<module>:75 - Protocol Attack SMB loaded..
2021-10-18 10:13:58.900 | DEBUG    | impacket.examples.ntlmrelayx.attacks:<module>:75 - Protocol Attack RPC loaded..
2021-10-18 10:13:58.900 | DEBUG    | impacket.examples.ntlmrelayx.attacks:<module>:75 - Protocol Attack HTTP loaded..
2021-10-18 10:13:58.900 | DEBUG    | impacket.examples.ntlmrelayx.attacks:<module>:75 - Protocol Attack HTTPS loaded..
2021-10-18 10:13:58.901 | DEBUG    | impacket.examples.ntlmrelayx.attacks:<module>:75 - Protocol Attack MSSQL loaded..
2021-10-18 10:13:58.926 | DEBUG    | impacket.examples.ntlmrelayx.attacks:<module>:75 - Protocol Attack LDAP loaded..
2021-10-18 10:13:58.926 | DEBUG    | impacket.examples.ntlmrelayx.attacks:<module>:75 - Protocol Attack LDAPS loaded..
2021-10-18 10:13:58.930 | INFO     | impacket.examples.ntlmrelayx.servers.smbrelayserver:run:838 - Setting up SMB Server
2021-10-18 10:14:57.160 | DEBUG    | project.RelayAttacks.relayattacks:do_smb_relay:69 - Starting smb relay attack using ip: 192.168.253.135 ipv6:fe80::20c:29ff:fe89:df69
            interface: ens33 mac_address:00:0c:29:89:df:69 lport:445
2021-10-18 10:14:57.162 | INFO     | project.igris:check_settable_variables_value:198 - Checking the correct value of the necessary settable variables 
2021-10-18 10:14:57.259 | DEBUG    | impacket.examples.ntlmrelayx.clients:<module>:124 - bind() takes 1 positional argument but 2 were given
2021-10-18 10:14:57.275 | DEBUG    | impacket.examples.ntlmrelayx.clients:<module>:124 - bind() takes 1 positional argument but 2 were given
2021-10-18 10:14:57.326 | DEBUG    | impacket.examples.ntlmrelayx.clients:<module>:124 - bind() takes 1 positional argument but 2 were given
2021-10-18 10:14:57.328 | DEBUG    | impacket.examples.ntlmrelayx.clients:<module>:124 - bind() takes 1 positional argument but 2 were given
2021-10-18 10:14:57.333 | DEBUG    | impacket.examples.ntlmrelayx.clients:<module>:124 - bind() takes 1 positional argument but 2 were given
2021-10-18 10:14:57.364 | DEBUG    | impacket.examples.ntlmrelayx.clients:<module>:124 - bind() takes 1 positional argument but 2 were given
2021-10-18 10:14:57.365 | DEBUG    | impacket.examples.ntlmrelayx.clients:<module>:124 - bind() takes 1 positional argument but 2 were given
2021-10-18 10:14:57.366 | DEBUG    | impacket.examples.ntlmrelayx.clients:<module>:124 - bind() takes 1 positional argument but 2 were given
2021-10-18 10:14:57.367 | DEBUG    | impacket.examples.ntlmrelayx.attacks:<module>:75 - Protocol Attack IMAP loaded..
2021-10-18 10:14:57.367 | DEBUG    | impacket.examples.ntlmrelayx.attacks:<module>:75 - Protocol Attack IMAPS loaded..
2021-10-18 10:14:57.367 | DEBUG    | impacket.examples.ntlmrelayx.attacks:<module>:75 - Protocol Attack DCSYNC loaded..
2021-10-18 10:14:57.436 | DEBUG    | impacket.examples.ntlmrelayx.attacks:<module>:75 - Protocol Attack SMB loaded..
2021-10-18 10:14:57.437 | DEBUG    | impacket.examples.ntlmrelayx.attacks:<module>:75 - Protocol Attack RPC loaded..
2021-10-18 10:14:57.437 | DEBUG    | impacket.examples.ntlmrelayx.attacks:<module>:75 - Protocol Attack HTTP loaded..
2021-10-18 10:14:57.437 | DEBUG    | impacket.examples.ntlmrelayx.attacks:<module>:75 - Protocol Attack HTTPS loaded..
2021-10-18 10:14:57.438 | DEBUG    | impacket.examples.ntlmrelayx.attacks:<module>:75 - Protocol Attack MSSQL loaded..
2021-10-18 10:14:57.452 | DEBUG    | impacket.examples.ntlmrelayx.attacks:<module>:75 - Protocol Attack LDAP loaded..
2021-10-18 10:14:57.453 | DEBUG    | impacket.examples.ntlmrelayx.attacks:<module>:75 - Protocol Attack LDAPS loaded..
2021-10-18 10:15:27.168 | DEBUG    | project.RelayAttacks.relayattacks:do_smb_relay:69 - Starting smb relay attack using ip: 192.168.253.135 ipv6:fe80::20c:29ff:fe89:df69
            interface: ens33 mac_address:00:0c:29:89:df:69 lport:445
2021-10-18 10:15:27.169 | INFO     | project.igris:check_settable_variables_value:198 - Checking the correct value of the necessary settable variables 
2021-10-18 10:15:27.273 | INFO     | impacket.examples.ntlmrelayx.clients:<module>:121 - Protocol Client SMTP loaded..
2021-10-18 10:15:27.275 | INFO     | impacket.examples.ntlmrelayx.clients:<module>:121 - Protocol Client SMTP loaded..
2021-10-18 10:15:27.293 | INFO     | impacket.examples.ntlmrelayx.clients:<module>:121 - Protocol Client SMB loaded..
2021-10-18 10:15:27.294 | INFO     | impacket.examples.ntlmrelayx.clients:<module>:121 - Protocol Client SMB loaded..
2021-10-18 10:15:27.349 | INFO     | impacket.examples.ntlmrelayx.clients:<module>:121 - Protocol Client DCSYNC loaded..
2021-10-18 10:15:27.350 | INFO     | impacket.examples.ntlmrelayx.clients:<module>:121 - Protocol Client DCSYNC loaded..
2021-10-18 10:15:27.353 | INFO     | impacket.examples.ntlmrelayx.clients:<module>:121 - Protocol Client IMAPS loaded..
2021-10-18 10:15:27.353 | INFO     | impacket.examples.ntlmrelayx.clients:<module>:121 - Protocol Client IMAPS loaded..
2021-10-18 10:15:27.354 | INFO     | impacket.examples.ntlmrelayx.clients:<module>:121 - Protocol Client IMAP loaded..
2021-10-18 10:15:27.354 | INFO     | impacket.examples.ntlmrelayx.clients:<module>:121 - Protocol Client IMAP loaded..
2021-10-18 10:15:27.358 | INFO     | impacket.examples.ntlmrelayx.clients:<module>:121 - Protocol Client MSSQL loaded..
2021-10-18 10:15:27.358 | INFO     | impacket.examples.ntlmrelayx.clients:<module>:121 - Protocol Client MSSQL loaded..
2021-10-18 10:15:27.392 | INFO     | impacket.examples.ntlmrelayx.clients:<module>:121 - Protocol Client LDAPS loaded..
2021-10-18 10:15:27.392 | INFO     | impacket.examples.ntlmrelayx.clients:<module>:121 - Protocol Client LDAPS loaded..
2021-10-18 10:15:27.392 | INFO     | impacket.examples.ntlmrelayx.clients:<module>:121 - Protocol Client LDAP loaded..
2021-10-18 10:15:27.392 | INFO     | impacket.examples.ntlmrelayx.clients:<module>:121 - Protocol Client LDAP loaded..
2021-10-18 10:15:27.393 | INFO     | impacket.examples.ntlmrelayx.clients:<module>:121 - Protocol Client HTTP loaded..
2021-10-18 10:15:27.393 | INFO     | impacket.examples.ntlmrelayx.clients:<module>:121 - Protocol Client HTTP loaded..
2021-10-18 10:15:27.393 | INFO     | impacket.examples.ntlmrelayx.clients:<module>:121 - Protocol Client HTTPS loaded..
2021-10-18 10:15:27.393 | INFO     | impacket.examples.ntlmrelayx.clients:<module>:121 - Protocol Client HTTPS loaded..
2021-10-18 10:15:27.396 | INFO     | impacket.examples.ntlmrelayx.clients:<module>:121 - Protocol Client RPC loaded..
2021-10-18 10:15:27.396 | INFO     | impacket.examples.ntlmrelayx.clients:<module>:121 - Protocol Client RPC loaded..
2021-10-18 10:15:27.397 | DEBUG    | impacket.examples.ntlmrelayx.attacks:<module>:75 - Protocol Attack IMAP loaded..
2021-10-18 10:15:27.398 | DEBUG    | impacket.examples.ntlmrelayx.attacks:<module>:75 - Protocol Attack IMAPS loaded..
2021-10-18 10:15:27.398 | DEBUG    | impacket.examples.ntlmrelayx.attacks:<module>:75 - Protocol Attack DCSYNC loaded..
2021-10-18 10:15:27.466 | DEBUG    | impacket.examples.ntlmrelayx.attacks:<module>:75 - Protocol Attack SMB loaded..
2021-10-18 10:15:27.467 | DEBUG    | impacket.examples.ntlmrelayx.attacks:<module>:75 - Protocol Attack RPC loaded..
2021-10-18 10:15:27.467 | DEBUG    | impacket.examples.ntlmrelayx.attacks:<module>:75 - Protocol Attack HTTP loaded..
2021-10-18 10:15:27.467 | DEBUG    | impacket.examples.ntlmrelayx.attacks:<module>:75 - Protocol Attack HTTPS loaded..
2021-10-18 10:15:27.468 | DEBUG    | impacket.examples.ntlmrelayx.attacks:<module>:75 - Protocol Attack MSSQL loaded..
2021-10-18 10:15:27.482 | DEBUG    | impacket.examples.ntlmrelayx.attacks:<module>:75 - Protocol Attack LDAP loaded..
2021-10-18 10:15:27.483 | DEBUG    | impacket.examples.ntlmrelayx.attacks:<module>:75 - Protocol Attack LDAPS loaded..
2021-10-18 10:15:27.485 | INFO     | impacket.examples.ntlmrelayx.servers.smbrelayserver:run:838 - Setting up SMB Server
2021-10-18 10:15:27.485 | INFO     | impacket.examples.ntlmrelayx.servers.smbrelayserver:run:838 - Setting up SMB Server
