2021-10-23 14:50:21.634 | INFO     | project.ManInTheMiddle.Poison.poisoners:start_mdns_poisoning:178 - Starting mdns poisoning...
2021-10-23 14:51:01.506 | INFO     | project.ManInTheMiddle.Poison.poisoners:start_mdns_poisoning:178 - Starting mdns poisoning...
2021-10-23 14:51:01.510 | INFO     | project.ManInTheMiddle.servers.smbserver:start_ntlm_relay_server:113 - Starting ntlm-relay attack...
2021-10-23 14:51:31.635 | INFO     | project.ManInTheMiddle.Poison.poisoners:start_mdns_poisoning:178 - Starting mdns poisoning...
2021-10-23 14:51:31.637 | INFO     | project.ManInTheMiddle.servers.smbserver:start_ntlm_relay_server:113 - Starting ntlm-relay attack...
2021-10-23 16:25:07.541 | INFO     | project.ManInTheMiddle.Poison.poisoners:start_mdns_poisoning:178 - Starting mdns poisoning...
2021-10-23 16:25:07.543 | INFO     | project.ManInTheMiddle.servers.smbserver:start_ntlm_relay_server:113 - Starting ntlm-relay attack...
2021-10-23 16:26:51.058 | INFO     | project.ManInTheMiddle.Poison.poisoners:start_mdns_poisoning:178 - Starting mdns poisoning...
2021-10-23 16:26:51.061 | INFO     | project.ManInTheMiddle.servers.smbserver:start_ntlm_relay_server:113 - Starting ntlm-relay attack...
2021-10-23 16:26:51.077 | INFO     | impacket.examples.ntlmrelayx.servers.smbrelayserver:run:838 - Setting up SMB Server
2021-10-23 16:26:54.217 | WARNING  | project.ManInTheMiddle.maninthemiddle:do_ntlm_relay:209 - Exiting smb relay attack ...
2021-10-23 16:26:58.501 | INFO     | impacket.examples.ntlmrelayx.servers.smbrelayserver:run:838 - Setting up SMB Server
2021-10-23 16:26:58.494 | INFO     | project.ManInTheMiddle.Poison.poisoners:start_mdns_poisoning:178 - Starting mdns poisoning...
2021-10-23 16:26:58.501 | INFO     | impacket.examples.ntlmrelayx.servers.smbrelayserver:run:838 - Setting up SMB Server
2021-10-23 16:26:58.494 | INFO     | project.ManInTheMiddle.Poison.poisoners:start_mdns_poisoning:178 - Starting mdns poisoning...
2021-10-23 16:29:05.001 | INFO     | project.ManInTheMiddle.Poison.poisoners:start_mdns_poisoning:178 - Starting mdns poisoning...
2021-10-23 16:29:05.013 | INFO     | impacket.examples.ntlmrelayx.servers.smbrelayserver:run:838 - Setting up SMB Server
2021-10-23 16:29:10.560 | INFO     | project.ManInTheMiddle.maninthemiddle:do_finish_ntlm_relay:225 - Finishing ntlm relay attack in the background ...
2021-10-23 16:30:18.595 | INFO     | project.ManInTheMiddle.maninthemiddle:do_finish_ntlm_relay:225 - Finishing ntlm relay attack in the background ...
2021-10-23 16:30:19.855 | INFO     | project.ManInTheMiddle.maninthemiddle:do_finish_ntlm_relay:225 - Finishing ntlm relay attack in the background ...
2021-10-23 16:30:41.033 | INFO     | project.ManInTheMiddle.Poison.poisoners:start_mdns_poisoning:178 - Starting mdns poisoning...
2021-10-23 16:30:41.033 | INFO     | project.ManInTheMiddle.Poison.poisoners:start_mdns_poisoning:178 - Starting mdns poisoning...
2021-10-23 16:30:41.037 | INFO     | project.ManInTheMiddle.servers.smbserver:start_ntlm_relay_server:113 - Starting ntlm-relay attack...
2021-10-23 16:30:41.037 | INFO     | project.ManInTheMiddle.servers.smbserver:start_ntlm_relay_server:113 - Starting ntlm-relay attack...
2021-10-23 16:30:41.051 | INFO     | impacket.examples.ntlmrelayx.servers.smbrelayserver:run:838 - Setting up SMB Server
2021-10-23 16:30:41.051 | INFO     | impacket.examples.ntlmrelayx.servers.smbrelayserver:run:838 - Setting up SMB Server
2021-10-23 16:30:42.978 | WARNING  | project.ManInTheMiddle.maninthemiddle:do_ntlm_relay:209 - Exiting smb relay attack ...
2021-10-23 16:30:42.978 | WARNING  | project.ManInTheMiddle.maninthemiddle:do_ntlm_relay:209 - Exiting smb relay attack ...
2021-10-23 16:31:47.747 | INFO     | project.ManInTheMiddle.Poison.poisoners:start_mdns_poisoning:178 - Starting mdns poisoning...
2021-10-23 16:31:47.750 | INFO     | project.ManInTheMiddle.servers.smbserver:start_ntlm_relay_server:113 - Starting ntlm-relay attack...
2021-10-23 16:31:47.768 | INFO     | impacket.examples.ntlmrelayx.servers.smbrelayserver:run:838 - Setting up SMB Server
2021-10-23 16:31:49.362 | WARNING  | project.ManInTheMiddle.maninthemiddle:do_ntlm_relay:209 - Exiting smb relay attack ...
2021-10-23 16:31:52.463 | INFO     | impacket.examples.ntlmrelayx.servers.smbrelayserver:run:838 - Setting up SMB Server
2021-10-23 16:31:52.463 | INFO     | impacket.examples.ntlmrelayx.servers.smbrelayserver:run:838 - Setting up SMB Server
2021-10-23 16:31:52.457 | INFO     | project.ManInTheMiddle.Poison.poisoners:start_mdns_poisoning:178 - Starting mdns poisoning...
2021-10-23 16:31:52.457 | INFO     | project.ManInTheMiddle.Poison.poisoners:start_mdns_poisoning:178 - Starting mdns poisoning...
2021-10-23 16:31:59.432 | SUCCESS  | project.ManInTheMiddle.maninthemiddle:do_finish_ntlm_relay:226 - Finishing ntlm relay attack in the background ...
2021-10-23 16:31:59.432 | SUCCESS  | project.ManInTheMiddle.maninthemiddle:do_finish_ntlm_relay:226 - Finishing ntlm relay attack in the background ...
2021-10-23 16:32:03.815 | SUCCESS  | project.ManInTheMiddle.maninthemiddle:do_finish_ntlm_relay:226 - Finishing ntlm relay attack in the background ...
2021-10-23 16:32:03.815 | SUCCESS  | project.ManInTheMiddle.maninthemiddle:do_finish_ntlm_relay:226 - Finishing ntlm relay attack in the background ...
2021-10-23 16:32:25.715 | INFO     | impacket.examples.ntlmrelayx.servers.smbrelayserver:run:838 - Setting up SMB Server
2021-10-23 16:32:25.710 | INFO     | project.ManInTheMiddle.Poison.poisoners:start_mdns_poisoning:178 - Starting mdns poisoning...
2021-10-23 16:32:34.296 | SUCCESS  | project.ManInTheMiddle.maninthemiddle:do_finish_ntlm_relay:226 - Finishing ntlm relay attack in the background ...
2021-10-23 16:32:39.659 | ERROR    | project.ManInTheMiddle.maninthemiddle:do_finish_ntlm_relay:234 - There is not ntlm_relay process in the background
2021-10-23 16:37:32.110 | INFO     | project.ManInTheMiddle.maninthemiddle:do_ntlm_relay:219 - Running ntlm relay on the background the resultso will be saved at:[32mlogs/ntlm_relay.log[39m 
2021-10-23 16:37:32.112 | INFO     | project.ManInTheMiddle.Poison.poisoners:start_mdns_poisoning:178 - Starting mdns poisoning...
2021-10-23 16:37:32.130 | INFO     | impacket.examples.ntlmrelayx.servers.smbrelayserver:run:838 - Setting up SMB Server
