2022-01-07 16:44:34.343 | INFO     | project.mitm.poison.poisoners.dns:start_dns_poisoning:133 - Starting dns poisoning...
2022-01-07 16:46:12.367 | INFO     | project.mitm.poison.poisoners.llmnr:start_llmnr_poisoning:156 - Starting llmnr poisoning...
2022-01-07 16:47:22.200 | INFO     | project.mitm.mss:__launching_attack:108 - Running mss the results will be saved in : /home/rsgbengi/Igris/loot
2022-01-07 16:47:22.213 | INFO     | project.mitm.servers.smbserver:start_malicious_smbserver:66 - Starting Malicious SMB Server ...
2022-01-07 16:47:22.224 | INFO     | impacket.smbserver:processConfigFile:4491 - Config file parsed
2022-01-07 16:47:22.226 | INFO     | impacket.dcerpc.v5.rpcrt:addCallbacks:1515 - Callback added for UUID 4B324FC8-1670-01D3-1278-5A47BF6EE188 V:3.0
2022-01-07 16:47:22.227 | INFO     | impacket.dcerpc.v5.rpcrt:addCallbacks:1515 - Callback added for UUID 6BFFD098-A112-3610-9833-46C3F87E345A V:1.0
2022-01-07 16:47:23.883 | WARNING  | project.mitm.mss:__synchronous_attack:99 - Exiting smb relay attack ...
2022-01-07 16:47:35.263 | INFO     | project.mitm.poison.poisoners.llmnr:start_llmnr_poisoning:156 - Starting llmnr poisoning...
2022-01-07 16:47:46.696 | ERROR    | project.mitm.mss:__ends_process_in_the_background:62 - There is not mss process in the background
2022-01-07 16:58:32.229 | INFO     | project.mitm.mss:__launching_attack:108 - Running mss the results will be saved in : /home/rsgbengi/Igris/loot
2022-01-07 16:58:32.246 | INFO     | project.mitm.servers.smbserver:start_malicious_smbserver:66 - Starting Malicious SMB Server ...
2022-01-07 16:58:32.256 | INFO     | impacket.smbserver:processConfigFile:4491 - Config file parsed
2022-01-07 16:58:32.257 | INFO     | impacket.dcerpc.v5.rpcrt:addCallbacks:1515 - Callback added for UUID 4B324FC8-1670-01D3-1278-5A47BF6EE188 V:3.0
2022-01-07 16:58:32.258 | INFO     | impacket.dcerpc.v5.rpcrt:addCallbacks:1515 - Callback added for UUID 6BFFD098-A112-3610-9833-46C3F87E345A V:1.0
2022-01-07 16:58:33.418 | WARNING  | project.mitm.mss:__synchronous_attack:99 - Exiting smb relay attack ...
2022-01-07 17:02:47.974 | INFO     | project.mitm.poison.poisoners.llmnr:start_llmnr_poisoning:156 - Starting llmnr poisoning...
2022-01-07 17:02:57.411 | INFO     | project.mitm.poison.poisoners.mdns:start_mdns_poisoning:134 - Starting mdns poisoning...
2022-01-07 17:02:57.416 | INFO     | project.mitm.poison.poisoners.llmnr:start_llmnr_poisoning:156 - Starting llmnr poisoning...
2022-01-07 17:03:32.767 | INFO     | project.mitm.poison.poisoners.llmnr:start_llmnr_poisoning:156 - Starting llmnr poisoning...
2022-01-07 17:11:34.618 | INFO     | project.mitm.poison.poisoners.llmnr:start_llmnr_poisoning:156 - Starting llmnr poisoning...
2022-01-07 17:11:35.865 | INFO     | project.mitm.poison.poisonselector:do_poison:209 - Finishing poisoners ... 
2022-01-07 17:24:53.693 | INFO     | project.mitm.poison.poisoners.mdns:start_mdns_poisoning:134 - Starting mdns poisoning...
2022-01-07 17:24:53.700 | INFO     | project.mitm.poison.poisoners.llmnr:start_llmnr_poisoning:156 - Starting llmnr poisoning...
2022-01-07 17:24:55.029 | INFO     | project.mitm.poison.poisonselector:do_poison:209 - Finishing poisoners ... 
2022-01-07 17:35:41.191 | INFO     | project.mitm.poison.poisoners.llmnr:start_llmnr_poisoning:156 - Starting llmnr poisoning...
2022-01-07 17:35:47.501 | INFO     | project.mitm.poison.poisonselector:do_poison:208 - Finishing poisoners ... 
2022-01-07 17:38:57.829 | INFO     | project.mitm.mss:__launching_attack:108 - Running mss the results will be saved in : /home/rsgbengi/Igris/loot
2022-01-07 17:38:57.845 | INFO     | project.mitm.servers.smbserver:start_malicious_smbserver:66 - Starting Malicious SMB Server ...
2022-01-07 17:38:57.853 | INFO     | impacket.smbserver:processConfigFile:4491 - Config file parsed
2022-01-07 17:38:57.855 | INFO     | impacket.dcerpc.v5.rpcrt:addCallbacks:1515 - Callback added for UUID 4B324FC8-1670-01D3-1278-5A47BF6EE188 V:3.0
2022-01-07 17:38:57.856 | INFO     | impacket.dcerpc.v5.rpcrt:addCallbacks:1515 - Callback added for UUID 6BFFD098-A112-3610-9833-46C3F87E345A V:1.0
2022-01-07 17:38:58.755 | WARNING  | project.mitm.mss:__synchronous_attack:99 - Exiting smb relay attack ...
2022-01-07 17:39:23.374 | INFO     | project.mitm.mss:__launching_attack:108 - Running mss the results will be saved in : /home/rsgbengi/Igris/loot
2022-01-07 17:39:23.399 | INFO     | project.mitm.servers.smbserver:start_malicious_smbserver:66 - Starting Malicious SMB Server ...
2022-01-07 17:39:23.407 | INFO     | impacket.smbserver:processConfigFile:4491 - Config file parsed
2022-01-07 17:39:23.412 | INFO     | impacket.dcerpc.v5.rpcrt:addCallbacks:1515 - Callback added for UUID 4B324FC8-1670-01D3-1278-5A47BF6EE188 V:3.0
2022-01-07 17:39:23.415 | INFO     | impacket.dcerpc.v5.rpcrt:addCallbacks:1515 - Callback added for UUID 6BFFD098-A112-3610-9833-46C3F87E345A V:1.0
2022-01-07 17:39:26.523 | SUCCESS  | project.mitm.mss:__ends_process_in_the_background:53 - Finishing mss attack in the background ...
2022-01-07 17:45:49.496 | INFO     | project.mitm.servers.smbserver:start_smb_relay_server:124 - Starting smb-relay server...
2022-01-07 17:45:49.488 | INFO     | project.mitm.poison.poisoners.llmnr:start_llmnr_poisoning:156 - Starting llmnr poisoning...
2022-01-07 17:45:49.517 | INFO     | threading:_bootstrap_inner:954 - Setting up SMB Server
2022-01-07 17:45:52.341 | WARNING  | project.mitm.ntlmrelay:__synchronous_attack:171 - Exiting ntlm relay attack ...
2022-01-07 17:45:52.355 | INFO     | project.mitm.poison.poisoners.llmnr:start_llmnr_poisoning:156 - Starting llmnr poisoning...
2022-01-07 17:45:52.525 | INFO     | project.mitm.poison.poisonselector:do_poison:208 - Finishing poisoners ... 
2022-01-08 15:50:07.553 | INFO     | project.mitm.mss:__launching_attack:108 - Running mss the results will be saved in : /home/rsgbengi/Igris/loot
2022-01-08 15:50:07.567 | INFO     | project.mitm.servers.smbserver:start_malicious_smbserver:66 - Starting Malicious SMB Server ...
2022-01-08 15:50:07.575 | INFO     | impacket.smbserver:processConfigFile:4491 - Config file parsed
2022-01-08 15:50:07.577 | INFO     | impacket.dcerpc.v5.rpcrt:addCallbacks:1515 - Callback added for UUID 4B324FC8-1670-01D3-1278-5A47BF6EE188 V:3.0
2022-01-08 15:50:07.579 | INFO     | impacket.dcerpc.v5.rpcrt:addCallbacks:1515 - Callback added for UUID 6BFFD098-A112-3610-9833-46C3F87E345A V:1.0
2022-01-08 15:50:09.046 | WARNING  | project.mitm.mss:__synchronous_attack:99 - Exiting smb relay attack ...
